2025-07-14 14:20:02 - [32minfo[39m: Creating configuration file...
2025-07-14 14:20:02 - [32minfo[39m: Adding new script(s) in package.json...
2025-07-14 14:20:02 - [32minfo[39m: Setup completed
2025-07-14 14:24:16 - [32minfo[39m: Log Directory has been set to C:\Users\ediaz\Documents\2025\everdriven\repositories\Playwright\log
2025-07-14 14:24:16 - [32minfo[39m: Reading configs from C:\Users\ediaz\Documents\2025\everdriven\repositories\Playwright\browserstack.yml
2025-07-14 14:24:16 - [32minfo[39m: Running SDK with args C:\Program Files\nodejs\node.exe C:\Users\ediaz\Documents\2025\everdriven\repositories\Playwright\node_modules\browserstack-node-sdk\src\bin\runner.js playwright test --config=./playwright.config.js
2025-07-14 14:24:16 - [32minfo[39m: Log Directory has been set to C:\Users\ediaz\Documents\2025\everdriven\repositories\Playwright\log
2025-07-14 14:24:16 - [32minfo[39m: Running SDK with args C:\Program Files\nodejs\node.exe C:\Users\ediaz\Documents\2025\everdriven\repositories\Playwright\node_modules\browserstack-node-sdk\src\bin\runner.js playwright test --config=./playwright.config.js
2025-07-14 14:24:16 - [32minfo[39m: SDK run started with id: 6958e7fb-5b16-4a7a-9cc8-a7b39d6a9267
2025-07-14 14:24:16 - [32minfo[39m: SDK run started with id: 6958e7fb-5b16-4a7a-9cc8-a7b39d6a9267
2025-07-14 14:24:16 - [32minfo[39m: Project and debug logs are captured by default. To disable, set disableAutoCaptureLogs: true in config.
2025-07-14 14:24:24 - [32minfo[39m: Local binary started successfully
2025-07-14 14:24:16 - [32minfo[39m: Project and debug logs are captured by default. To disable, set disableAutoCaptureLogs: true in config.
2025-07-14 14:24:24 - [32minfo[39m: Local binary started successfully
2025-07-14 14:24:25 - [32minfo[39m: [BrowserstackCLI] startMain: Starting main process
2025-07-14 14:24:25 - [32minfo[39m: [BrowserstackCLI] startMain: Starting main process
2025-07-14 14:24:25 - [32minfo[39m: [CLIUtils] Current CLI Path Found: 
2025-07-14 14:24:25 - [32minfo[39m: [CLIUtils] Current CLI Path Found: 
2025-07-14 14:24:28 - [32minfo[39m: [BrowserstackCLI] spawning command='C:\Users\ediaz\.browserstack\cli/binary-win-x64.exe,sdk'
2025-07-14 14:24:28 - [32minfo[39m: [BrowserstackCLI] spawning command='C:\Users\ediaz\.browserstack\cli/binary-win-x64.exe,sdk'
2025-07-14 14:24:35 - [32minfo[39m: [BrowserstackCLI] CLI params loaded: {"id":"580765cf-8139-4143-a3c9-dc723a6f991f","listen":"127.0.0.1:5400","port":"5400"}
2025-07-14 14:24:35 - [32minfo[39m: [BrowserstackCLI] CLI params loaded: {"id":"580765cf-8139-4143-a3c9-dc723a6f991f","listen":"127.0.0.1:5400","port":"5400"}
2025-07-14 14:24:35 - [32minfo[39m: [GrpcClient] Connected to gRPC server at 127.0.0.1:5400
2025-07-14 14:24:35 - [32minfo[39m: [GrpcClient] Initialized gRPC client with bin session id: 580765cf-8139-4143-a3c9-dc723a6f991f and listen address: 127.0.0.1:5400
2025-07-14 14:24:35 - [32minfo[39m: [GrpcClient] startBinSession: Calling startBinSession
2025-07-14 14:24:35 - [32minfo[39m: [GrpcClient] Connected to gRPC server at 127.0.0.1:5400
2025-07-14 14:24:35 - [32minfo[39m: [GrpcClient] Initialized gRPC client with bin session id: 580765cf-8139-4143-a3c9-dc723a6f991f and listen address: 127.0.0.1:5400
2025-07-14 14:24:35 - [32minfo[39m: [GrpcClient] startBinSession: Calling startBinSession
2025-07-14 14:24:39 - [32minfo[39m: [GrpcClient] StartBinSession successful
2025-07-14 14:24:39 - [32minfo[39m: [GrpcClient] StartBinSession successful
2025-07-14 14:24:39 - [32minfo[39m: [BrowserstackCLI] loadModules: Loading modules
2025-07-14 14:24:39 - [32minfo[39m: [BrowserstackCLI] loadModules: binSessionId=580765cf-8139-4143-a3c9-dc723a6f991f
2025-07-14 14:24:39 - [32minfo[39m: [BrowserstackCLI] loading Modules.
2025-07-14 14:24:39 - [32minfo[39m: [BrowserstackCLI] setCliArgs: cliArgs=["playwright","test","--config=./playwright.config.js"]
2025-07-14 14:24:39 - [31merror[39m: Error: C:\Users\ediaz\Documents\2025\everdriven\repositories\Playwright\playwright.config.js does not exist
    at resolveConfigFile (C:\Users\ediaz\Documents\2025\everdriven\repositories\Playwright\node_modules\playwright\lib\common\configLoader.js:320:11)
    at resolveConfigLocation (C:\Users\ediaz\Documents\2025\everdriven\repositories\Playwright\node_modules\playwright\lib\common\configLoader.js:301:30)
    at Object.fimHz (C:\Users\ediaz\Documents\2025\everdriven\repositories\Playwright\node_modules\browserstack-node-sdk\src\bin\playwright\command.js:2:2032)
    at getUserPlaywrightConfig (C:\Users\ediaz\Documents\2025\everdriven\repositories\Playwright\node_modules\browserstack-node-sdk\src\bin\playwright\command.js:2:2539)
    at Object.qXJVZ (C:\Users\ediaz\Documents\2025\everdriven\repositories\Playwright\node_modules\browserstack-node-sdk\src\bin\playwright\command.js:2:5510)
    at C:\Users\ediaz\Documents\2025\everdriven\repositories\Playwright\node_modules\browserstack-node-sdk\src\bin\playwright\command.js:2:9557
    at process.processTicksAndRejections (node:internal/process/task_queues:105:5)
2025-07-14 14:24:39 - [32minfo[39m: [BrowserstackCLI] loadModules: Loading modules
2025-07-14 14:24:39 - [32minfo[39m: [BrowserstackCLI] loadModules: binSessionId=580765cf-8139-4143-a3c9-dc723a6f991f
2025-07-14 14:24:39 - [32minfo[39m: [BrowserstackCLI] loading Modules.
2025-07-14 14:24:39 - [32minfo[39m: [BrowserstackCLI] setCliArgs: cliArgs=["playwright","test","--config=./playwright.config.js"]
2025-07-14 14:24:39 - [31merror[39m: Error: C:\Users\ediaz\Documents\2025\everdriven\repositories\Playwright\playwright.config.js does not exist
    at resolveConfigFile (C:\Users\ediaz\Documents\2025\everdriven\repositories\Playwright\node_modules\playwright\lib\common\configLoader.js:320:11)
    at resolveConfigLocation (C:\Users\ediaz\Documents\2025\everdriven\repositories\Playwright\node_modules\playwright\lib\common\configLoader.js:301:30)
    at Object.fimHz (C:\Users\ediaz\Documents\2025\everdriven\repositories\Playwright\node_modules\browserstack-node-sdk\src\bin\playwright\command.js:2:2032)
    at getUserPlaywrightConfig (C:\Users\ediaz\Documents\2025\everdriven\repositories\Playwright\node_modules\browserstack-node-sdk\src\bin\playwright\command.js:2:2539)
    at Object.qXJVZ (C:\Users\ediaz\Documents\2025\everdriven\repositories\Playwright\node_modules\browserstack-node-sdk\src\bin\playwright\command.js:2:5510)
    at C:\Users\ediaz\Documents\2025\everdriven\repositories\Playwright\node_modules\browserstack-node-sdk\src\bin\playwright\command.js:2:9557
    at process.processTicksAndRejections (node:internal/process/task_queues:105:5)
2025-07-14 14:24:41 - [32minfo[39m: [BrowserstackCLI] stop: CLI stop triggered
2025-07-14 14:24:41 - [32minfo[39m: [BrowserstackCLI] stop: CLI stop triggered
2025-07-14 14:24:41 - [32minfo[39m: [GrpcClient] Stopping bin session
2025-07-14 14:24:41 - [32minfo[39m: [GrpcClient] Stopping bin session
2025-07-14 14:24:41 - [31merror[39m: [BrowserstackCLI] CLI stderr: Exiting with code 1 due to uncaught exception Error: spawn wmic.exe ENOENT
    at ChildProcess._handle.onexit (node:internal/child_process:284:19)
    at onErrorNT (node:internal/child_process:477:16)
    at process.processTicksAndRejections (node:internal/process/task_queues:82:21) {
  errno: -4058,
  code: 'ENOENT',
  syscall: 'spawn wmic.exe',
  path: 'wmic.exe',
  spawnargs: [ 'PROCESS', 'GET', 'Name,ProcessId,ParentProcessId,Status' ]
}
2025-07-14 14:24:41 - [31merror[39m: [BrowserstackCLI] CLI stderr: Exiting with code 1 due to uncaught exception Error: spawn wmic.exe ENOENT
    at ChildProcess._handle.onexit (node:internal/child_process:284:19)
    at onErrorNT (node:internal/child_process:477:16)
    at process.processTicksAndRejections (node:internal/process/task_queues:82:21) {
  errno: -4058,
  code: 'ENOENT',
  syscall: 'spawn wmic.exe',
  path: 'wmic.exe',
  spawnargs: [ 'PROCESS', 'GET', 'Name,ProcessId,ParentProcessId,Status' ]
}
2025-07-14 16:21:47 - [32minfo[39m: Reading configs from C:\Users\ediaz\Documents\2025\everdriven\repositories\Playwright\browserstack.yml
2025-07-14 16:21:47 - [32minfo[39m: Log Directory has been set to C:\Users\ediaz\Documents\2025\everdriven\repositories\Playwright\log
2025-07-14 16:21:47 - [32minfo[39m: Log Directory has been set to C:\Users\ediaz\Documents\2025\everdriven\repositories\Playwright\log
2025-07-14 16:21:47 - [32minfo[39m: Running SDK with args C:\Program Files\nodejs\node.exe C:\Users\ediaz\Documents\2025\everdriven\repositories\Playwright\node_modules\browserstack-node-sdk\src\bin\runner.js playwright test
2025-07-14 16:21:47 - [32minfo[39m: SDK run started with id: 3c9db1d3-45f2-456c-a129-3e9f1ef5e131
2025-07-14 16:21:48 - [32minfo[39m: Project and debug logs are captured by default. To disable, set disableAutoCaptureLogs: true in config.
2025-07-14 16:21:56 - [32minfo[39m: Local binary started successfully
2025-07-14 16:21:47 - [32minfo[39m: Running SDK with args C:\Program Files\nodejs\node.exe C:\Users\ediaz\Documents\2025\everdriven\repositories\Playwright\node_modules\browserstack-node-sdk\src\bin\runner.js playwright test
2025-07-14 16:21:47 - [32minfo[39m: SDK run started with id: 3c9db1d3-45f2-456c-a129-3e9f1ef5e131
2025-07-14 16:21:48 - [32minfo[39m: Project and debug logs are captured by default. To disable, set disableAutoCaptureLogs: true in config.
2025-07-14 16:21:56 - [32minfo[39m: Local binary started successfully
2025-07-14 16:21:57 - [32minfo[39m: [BrowserstackCLI] startMain: Starting main process
2025-07-14 16:21:57 - [32minfo[39m: [BrowserstackCLI] startMain: Starting main process
2025-07-14 16:21:57 - [32minfo[39m: [CLIUtils] Current CLI Path Found: C:\Users\ediaz\.browserstack\cli\binary-win-x64.exe
2025-07-14 16:21:57 - [32minfo[39m: [CLIUtils] Current CLI Path Found: C:\Users\ediaz\.browserstack\cli\binary-win-x64.exe
2025-07-14 16:21:58 - [32minfo[39m: [BrowserstackCLI] spawning command='C:\Users\ediaz\.browserstack\cli\binary-win-x64.exe,sdk'
2025-07-14 16:21:58 - [32minfo[39m: [BrowserstackCLI] spawning command='C:\Users\ediaz\.browserstack\cli\binary-win-x64.exe,sdk'
2025-07-14 16:21:59 - [32minfo[39m: [BrowserstackCLI] CLI params loaded: {"id":"9f2049fc-6bde-4c3a-9fe9-df27ccb67682","listen":"127.0.0.1:5400","port":"5400"}
2025-07-14 16:21:59 - [32minfo[39m: [BrowserstackCLI] CLI params loaded: {"id":"9f2049fc-6bde-4c3a-9fe9-df27ccb67682","listen":"127.0.0.1:5400","port":"5400"}
2025-07-14 16:21:59 - [32minfo[39m: [GrpcClient] Connected to gRPC server at 127.0.0.1:5400
2025-07-14 16:21:59 - [32minfo[39m: [GrpcClient] Initialized gRPC client with bin session id: 9f2049fc-6bde-4c3a-9fe9-df27ccb67682 and listen address: 127.0.0.1:5400
2025-07-14 16:21:59 - [32minfo[39m: [GrpcClient] startBinSession: Calling startBinSession
2025-07-14 16:21:59 - [32minfo[39m: [GrpcClient] Connected to gRPC server at 127.0.0.1:5400
2025-07-14 16:21:59 - [32minfo[39m: [GrpcClient] Initialized gRPC client with bin session id: 9f2049fc-6bde-4c3a-9fe9-df27ccb67682 and listen address: 127.0.0.1:5400
2025-07-14 16:21:59 - [32minfo[39m: [GrpcClient] startBinSession: Calling startBinSession
2025-07-14 16:22:03 - [32minfo[39m: [GrpcClient] StartBinSession successful
2025-07-14 16:22:03 - [32minfo[39m: [GrpcClient] StartBinSession successful
2025-07-14 16:22:03 - [32minfo[39m: [BrowserstackCLI] loadModules: Loading modules
2025-07-14 16:22:03 - [32minfo[39m: [BrowserstackCLI] loadModules: binSessionId=9f2049fc-6bde-4c3a-9fe9-df27ccb67682
2025-07-14 16:22:03 - [32minfo[39m: [BrowserstackCLI] loading Modules.
2025-07-14 16:22:03 - [32minfo[39m: [BrowserstackCLI] setCliArgs: cliArgs=["playwright","test"]
2025-07-14 16:22:03 - [32minfo[39m: [BrowserstackCLI] loadModules: Loading modules
2025-07-14 16:22:03 - [32minfo[39m: [BrowserstackCLI] loadModules: binSessionId=9f2049fc-6bde-4c3a-9fe9-df27ccb67682
2025-07-14 16:22:03 - [32minfo[39m: [BrowserstackCLI] loading Modules.
2025-07-14 16:22:03 - [32minfo[39m: [BrowserstackCLI] setCliArgs: cliArgs=["playwright","test"]
2025-07-14 16:22:09 - [32minfo[39m: [BrowserstackCLI] Starting as child process with session ID: 9f2049fc-6bde-4c3a-9fe9-df27ccb67682
2025-07-14 16:22:09 - [32minfo[39m: [GrpcClient] Connected to gRPC server at 127.0.0.1:5400
2025-07-14 16:22:09 - [32minfo[39m: [GrpcClient] Connecting bin session
2025-07-14 16:22:10 - [32minfo[39m: [GrpcClient] ConnectBinSession successful
2025-07-14 16:22:10 - [32minfo[39m: [BrowserstackCLI] loadModules: Loading modules
2025-07-14 16:22:10 - [32minfo[39m: [BrowserstackCLI] loadModules: binSessionId=9f2049fc-6bde-4c3a-9fe9-df27ccb67682
2025-07-14 16:22:10 - [32minfo[39m: [BrowserstackCLI] loading Modules.
2025-07-14 16:22:10 - [32minfo[39m: [GrpcClient] Getting Playwright config
2025-07-14 16:22:10 - [32minfo[39m: [GrpcClient] PlaywrightConfig request successful
2025-07-14 16:22:10 - [32minfo[39m: Setting up TestInfo directory at C:\Users\ediaz\Documents\2025\everdriven\repositories\Playwright\log\.obs_test_details-undefined
2025-07-14 16:22:10 - [32minfo[39m: [PlaywrightTestFramework] trackPlaywrightInstance: created instance for target=36536:0, state=TestFrameworkState.INIT_TEST
2025-07-14 16:22:10 - [32minfo[39m: [PlaywrightTestFramework] trackPlaywrightInstance: saved instance contextId=4a2a8dc34755f8442d63eb691e6f40ce72d14fcee188602f968f6a756d7e632e target=36536:0
2025-07-14 16:22:16 - [32minfo[39m: [BrowserstackCLI] Starting as child process with session ID: 9f2049fc-6bde-4c3a-9fe9-df27ccb67682
2025-07-14 16:22:16 - [32minfo[39m: [GrpcClient] Connected to gRPC server at 127.0.0.1:5400
2025-07-14 16:22:16 - [32minfo[39m: [GrpcClient] Connecting bin session
2025-07-14 16:22:16 - [32minfo[39m: [BrowserstackCLI] Starting as child process with session ID: 9f2049fc-6bde-4c3a-9fe9-df27ccb67682
2025-07-14 16:22:16 - [32minfo[39m: [GrpcClient] ConnectBinSession successful
2025-07-14 16:22:16 - [32minfo[39m: [BrowserstackCLI] loadModules: Loading modules
2025-07-14 16:22:16 - [32minfo[39m: [BrowserstackCLI] loadModules: binSessionId=9f2049fc-6bde-4c3a-9fe9-df27ccb67682
2025-07-14 16:22:16 - [32minfo[39m: [BrowserstackCLI] loading Modules.
2025-07-14 16:22:16 - [32minfo[39m: [GrpcClient] Getting Playwright config
2025-07-14 16:22:16 - [32minfo[39m: [GrpcClient] PlaywrightConfig request successful
2025-07-14 16:22:16 - [32minfo[39m: [GrpcClient] Connected to gRPC server at 127.0.0.1:5400
2025-07-14 16:22:16 - [32minfo[39m: [GrpcClient] Connecting bin session
2025-07-14 16:22:16 - [32minfo[39m: [GrpcClient] ConnectBinSession successful
2025-07-14 16:22:16 - [32minfo[39m: [BrowserstackCLI] loadModules: Loading modules
2025-07-14 16:22:16 - [32minfo[39m: [BrowserstackCLI] loadModules: binSessionId=9f2049fc-6bde-4c3a-9fe9-df27ccb67682
2025-07-14 16:22:16 - [32minfo[39m: [BrowserstackCLI] loading Modules.
2025-07-14 16:22:16 - [32minfo[39m: [GrpcClient] Getting Playwright config
2025-07-14 16:22:16 - [32minfo[39m: [GrpcClient] PlaywrightConfig request successful
2025-07-14 16:22:16 - [32minfo[39m: [BrowserstackCLI] Starting as child process with session ID: 9f2049fc-6bde-4c3a-9fe9-df27ccb67682
2025-07-14 16:22:16 - [32minfo[39m: [BrowserstackCLI] Starting as child process with session ID: 9f2049fc-6bde-4c3a-9fe9-df27ccb67682
2025-07-14 16:22:16 - [32minfo[39m: [GrpcClient] Sending TestFrameworkEvent
2025-07-14 16:22:16 - [32minfo[39m: [GrpcClient] Connected to gRPC server at 127.0.0.1:5400
2025-07-14 16:22:16 - [32minfo[39m: [GrpcClient] Connecting bin session
2025-07-14 16:22:16 - [32minfo[39m: [GrpcClient] TestFrameworkEvent request successful
2025-07-14 16:22:16 - [32minfo[39m: [BrowserstackCLI] Starting as child process with session ID: 9f2049fc-6bde-4c3a-9fe9-df27ccb67682
2025-07-14 16:22:16 - [32minfo[39m: [GrpcClient] Sending TestFrameworkEvent
2025-07-14 16:22:16 - [32minfo[39m: [GrpcClient] ConnectBinSession successful
2025-07-14 16:22:16 - [32minfo[39m: [GrpcClient] TestFrameworkEvent request successful
2025-07-14 16:22:16 - [32minfo[39m: [BrowserstackCLI] startChild: client and channel already exist, stopping here
2025-07-14 16:22:16 - [32minfo[39m: [PlaywrightAutomationFramework] trackPlaywrightInstance: created instance for target=19112:0, state=AutomationFrameworkState.CREATE
2025-07-14 16:22:16 - [32minfo[39m: [PlaywrightAutomationFramework] trackPlaywrightInstance: saved instance contextId=df81d0108e76904c027fda7a99c824a474a5d6912a3eae10913bd43e8ba018e4 target=19112:0
2025-07-14 16:22:16 - [32minfo[39m: Processed accessibility caps false {"browserstack.user":"junior_XBsLjd","browserstack.key":"sTqhy8xzoGbjPvD5ZAXM","project":"BrowserStack Samples","build":"browserstack build","browserstack.buildIdentifier":"#2","browserstack.debug":false,"browserstack.networkLogs":false,"browserstack.console":"errors","turboScaleOptions":{},"os":"Windows","os_version":11,"browserstack.hostName":"NBPE00263","browserstack.browserstackSDK":"Playwright-nodeagent/1.38.0","browserstack.buildProductMap":{"observability":true,"accessibility":false,"percy":false,"automate":true,"app_automate":false},"browserstack.use_w3c":false,"browser":"playwright-firefox","browser_version":"latest","browserstack.testhubBuildUuid":"qnih38g1dmklk36rqxibognbizsjjpfibnj2kxwy","browserstack.local":true,"browserstack.localIdentifier":"Jul_14_1621_NBPE00263_nsg7"} 
2025-07-14 16:22:16 - [32minfo[39m: [BrowserstackCLI] loadModules: Loading modules
2025-07-14 16:22:16 - [32minfo[39m: [BrowserstackCLI] loadModules: binSessionId=9f2049fc-6bde-4c3a-9fe9-df27ccb67682
2025-07-14 16:22:16 - [32minfo[39m: [BrowserstackCLI] loading Modules.
2025-07-14 16:22:16 - [32minfo[39m: [GrpcClient] Getting Playwright config
2025-07-14 16:22:16 - [32minfo[39m: [GrpcClient] PlaywrightConfig request successful
2025-07-14 16:22:16 - [32minfo[39m: [BrowserstackCLI] startChild: client and channel already exist, stopping here
2025-07-14 16:22:16 - [32minfo[39m: [PlaywrightAutomationFramework] trackPlaywrightInstance: created instance for target=15388:0, state=AutomationFrameworkState.CREATE
2025-07-14 16:22:16 - [32minfo[39m: [PlaywrightAutomationFramework] trackPlaywrightInstance: saved instance contextId=b202fd10be3a647932af80311958a9b68fe3663568a9748399b74c7ce6a1bd29 target=15388:0
2025-07-14 16:22:16 - [32minfo[39m: Processed accessibility caps false {"browserstack.user":"junior_XBsLjd","browserstack.key":"sTqhy8xzoGbjPvD5ZAXM","project":"BrowserStack Samples","build":"browserstack build","browserstack.buildIdentifier":"#2","browserstack.debug":false,"browserstack.networkLogs":false,"browserstack.console":"errors","turboScaleOptions":{},"os":"Windows","os_version":11,"browserstack.hostName":"NBPE00263","browserstack.browserstackSDK":"Playwright-nodeagent/1.38.0","browserstack.buildProductMap":{"observability":true,"accessibility":false,"percy":false,"automate":true,"app_automate":false},"browserstack.use_w3c":false,"browser":"playwright-firefox","browser_version":"latest","browserstack.testhubBuildUuid":"qnih38g1dmklk36rqxibognbizsjjpfibnj2kxwy","browserstack.local":true,"browserstack.localIdentifier":"Jul_14_1621_NBPE00263_nsg7"} 
2025-07-14 16:22:16 - [32minfo[39m: [GrpcClient] Sending TestFrameworkEvent
2025-07-14 16:22:16 - [32minfo[39m: [BrowserstackCLI] Starting as child process with session ID: 9f2049fc-6bde-4c3a-9fe9-df27ccb67682
2025-07-14 16:22:16 - [32minfo[39m: [GrpcClient] TestFrameworkEvent request successful
2025-07-14 16:22:16 - [32minfo[39m: [BrowserstackCLI] startChild: client and channel already exist, stopping here
2025-07-14 16:22:16 - [32minfo[39m: [PlaywrightAutomationFramework] trackPlaywrightInstance: created instance for target=2016:0, state=AutomationFrameworkState.CREATE
2025-07-14 16:22:16 - [32minfo[39m: [PlaywrightAutomationFramework] trackPlaywrightInstance: saved instance contextId=9269c700ba893243428de7a8104d80cd7961c9cca814dee306dc56d9f595b79e target=2016:0
2025-07-14 16:22:16 - [32minfo[39m: Processed accessibility caps false {"browserstack.user":"junior_XBsLjd","browserstack.key":"sTqhy8xzoGbjPvD5ZAXM","project":"BrowserStack Samples","build":"browserstack build","browserstack.buildIdentifier":"#2","browserstack.debug":false,"browserstack.networkLogs":false,"browserstack.console":"errors","turboScaleOptions":{},"os":"OS X","os_version":"Ventura","browserstack.hostName":"NBPE00263","browserstack.browserstackSDK":"Playwright-nodeagent/1.38.0","browserstack.buildProductMap":{"observability":true,"accessibility":false,"percy":false,"automate":true,"app_automate":false},"browserstack.use_w3c":false,"browser":"playwright-webkit","browser_version":"latest","browserstack.testhubBuildUuid":"qnih38g1dmklk36rqxibognbizsjjpfibnj2kxwy","browserstack.local":true,"browserstack.localIdentifier":"Jul_14_1621_NBPE00263_nsg7"} 
2025-07-14 16:22:21 - [32minfo[39m: [PlaywrightAutomationFramework] trackPlaywrightInstance: instance already exists
2025-07-14 16:22:21 - [32minfo[39m: [GrpcClient] Sending TestFrameworkEvent
2025-07-14 16:22:21 - [32minfo[39m: getting screenshots results.
2025-07-14 16:22:21 - [32minfo[39m: [GrpcClient] Sending LogCreatedEvent
2025-07-14 16:22:21 - [32minfo[39m: [GrpcClient] TestFrameworkEvent request successful
2025-07-14 16:22:21 - [32minfo[39m: [GrpcClient] LogCreatedEvent request successful
2025-07-14 16:22:23 - [32minfo[39m: [BrowserstackCLI] Starting as child process with session ID: 9f2049fc-6bde-4c3a-9fe9-df27ccb67682
2025-07-14 16:22:23 - [32minfo[39m: [GrpcClient] Connected to gRPC server at 127.0.0.1:5400
2025-07-14 16:22:23 - [32minfo[39m: [GrpcClient] Connecting bin session
2025-07-14 16:22:23 - [32minfo[39m: [GrpcClient] ConnectBinSession successful
2025-07-14 16:22:23 - [32minfo[39m: [BrowserstackCLI] loadModules: Loading modules
2025-07-14 16:22:23 - [32minfo[39m: [BrowserstackCLI] loadModules: binSessionId=9f2049fc-6bde-4c3a-9fe9-df27ccb67682
2025-07-14 16:22:23 - [32minfo[39m: [BrowserstackCLI] loading Modules.
2025-07-14 16:22:23 - [32minfo[39m: [GrpcClient] Getting Playwright config
2025-07-14 16:22:23 - [32minfo[39m: [GrpcClient] PlaywrightConfig request successful
2025-07-14 16:22:23 - [32minfo[39m: [GrpcClient] Sending TestFrameworkEvent
2025-07-14 16:22:23 - [32minfo[39m: [BrowserstackCLI] Starting as child process with session ID: 9f2049fc-6bde-4c3a-9fe9-df27ccb67682
2025-07-14 16:22:23 - [32minfo[39m: [GrpcClient] TestFrameworkEvent request successful
2025-07-14 16:22:23 - [32minfo[39m: [BrowserstackCLI] startChild: client and channel already exist, stopping here
2025-07-14 16:22:23 - [32minfo[39m: [PlaywrightAutomationFramework] trackPlaywrightInstance: created instance for target=23384:0, state=AutomationFrameworkState.CREATE
2025-07-14 16:22:23 - [32minfo[39m: [PlaywrightAutomationFramework] trackPlaywrightInstance: saved instance contextId=3fe4eb7bc4ed94ada16e91b0bc61249de2c38c94293566a102ec7dbd2ee230aa target=23384:0
2025-07-14 16:22:23 - [32minfo[39m: Processed accessibility caps false {"browserstack.user":"junior_XBsLjd","browserstack.key":"sTqhy8xzoGbjPvD5ZAXM","project":"BrowserStack Samples","build":"browserstack build","browserstack.buildIdentifier":"#2","browserstack.debug":false,"browserstack.networkLogs":false,"browserstack.console":"errors","turboScaleOptions":{},"os":"OS X","os_version":"Ventura","browserstack.hostName":"NBPE00263","browserstack.browserstackSDK":"Playwright-nodeagent/1.38.0","browserstack.buildProductMap":{"observability":true,"accessibility":false,"percy":false,"automate":true,"app_automate":false},"browserstack.use_w3c":false,"browser":"playwright-webkit","browser_version":"latest","browserstack.testhubBuildUuid":"qnih38g1dmklk36rqxibognbizsjjpfibnj2kxwy","browserstack.local":true,"browserstack.localIdentifier":"Jul_14_1621_NBPE00263_nsg7"} 
2025-07-14 16:22:25 - [32minfo[39m: [PlaywrightAutomationFramework] trackPlaywrightInstance: instance already exists
2025-07-14 16:22:25 - [32minfo[39m: [GrpcClient] Sending TestFrameworkEvent
2025-07-14 16:22:25 - [32minfo[39m: getting screenshots results.
2025-07-14 16:22:25 - [32minfo[39m: [GrpcClient] Sending LogCreatedEvent
2025-07-14 16:22:25 - [32minfo[39m: [GrpcClient] TestFrameworkEvent request successful
2025-07-14 16:22:25 - [32minfo[39m: [GrpcClient] LogCreatedEvent request successful
2025-07-14 16:22:26 - [32minfo[39m: [PlaywrightAutomationFramework] trackPlaywrightInstance: instance already exists
2025-07-14 16:22:26 - [32minfo[39m: [GrpcClient] Sending TestFrameworkEvent
2025-07-14 16:22:26 - [32minfo[39m: getting screenshots results.
2025-07-14 16:22:26 - [32minfo[39m: [GrpcClient] Sending LogCreatedEvent
2025-07-14 16:22:26 - [32minfo[39m: [GrpcClient] TestFrameworkEvent request successful
2025-07-14 16:22:26 - [32minfo[39m: [GrpcClient] LogCreatedEvent request successful
2025-07-14 16:22:28 - [32minfo[39m: [PlaywrightAutomationFramework] trackPlaywrightInstance: instance already exists
2025-07-14 16:22:28 - [32minfo[39m: [GrpcClient] Sending TestFrameworkEvent
2025-07-14 16:22:28 - [32minfo[39m: getting screenshots results.
2025-07-14 16:22:28 - [32minfo[39m: [GrpcClient] Sending LogCreatedEvent
2025-07-14 16:22:28 - [32minfo[39m: [GrpcClient] TestFrameworkEvent request successful
2025-07-14 16:22:28 - [32minfo[39m: [GrpcClient] LogCreatedEvent request successful
2025-07-14 16:22:29 - [32minfo[39m: [BrowserstackCLI] Starting as child process with session ID: 9f2049fc-6bde-4c3a-9fe9-df27ccb67682
2025-07-14 16:22:29 - [32minfo[39m: [GrpcClient] Connected to gRPC server at 127.0.0.1:5400
2025-07-14 16:22:29 - [32minfo[39m: [GrpcClient] Connecting bin session
2025-07-14 16:22:29 - [32minfo[39m: [GrpcClient] ConnectBinSession successful
2025-07-14 16:22:29 - [32minfo[39m: [BrowserstackCLI] loadModules: Loading modules
2025-07-14 16:22:29 - [32minfo[39m: [BrowserstackCLI] loadModules: binSessionId=9f2049fc-6bde-4c3a-9fe9-df27ccb67682
2025-07-14 16:22:29 - [32minfo[39m: [BrowserstackCLI] loading Modules.
2025-07-14 16:22:29 - [32minfo[39m: [GrpcClient] Getting Playwright config
2025-07-14 16:22:29 - [32minfo[39m: [GrpcClient] PlaywrightConfig request successful
2025-07-14 16:22:29 - [32minfo[39m: [GrpcClient] Sending TestFrameworkEvent
2025-07-14 16:22:29 - [32minfo[39m: [BrowserstackCLI] Starting as child process with session ID: 9f2049fc-6bde-4c3a-9fe9-df27ccb67682
2025-07-14 16:22:29 - [32minfo[39m: [GrpcClient] TestFrameworkEvent request successful
2025-07-14 16:22:29 - [32minfo[39m: [BrowserstackCLI] startChild: client and channel already exist, stopping here
2025-07-14 16:22:29 - [32minfo[39m: [PlaywrightAutomationFramework] trackPlaywrightInstance: created instance for target=17684:0, state=AutomationFrameworkState.CREATE
2025-07-14 16:22:29 - [32minfo[39m: [PlaywrightAutomationFramework] trackPlaywrightInstance: saved instance contextId=2aef0df18b6daad0791163e9e16d6c318e193d36434fde3f16783d70ca1346ef target=17684:0
2025-07-14 16:22:29 - [32minfo[39m: Processed accessibility caps false {"browserstack.user":"junior_XBsLjd","browserstack.key":"sTqhy8xzoGbjPvD5ZAXM","project":"BrowserStack Samples","build":"browserstack build","browserstack.buildIdentifier":"#2","browserstack.debug":false,"browserstack.networkLogs":false,"browserstack.console":"errors","turboScaleOptions":{},"os":"Windows","os_version":11,"browserstack.hostName":"NBPE00263","browserstack.browserstackSDK":"Playwright-nodeagent/1.38.0","browserstack.buildProductMap":{"observability":true,"accessibility":false,"percy":false,"automate":true,"app_automate":false},"browserstack.use_w3c":false,"browser":"chrome","browser_version":"latest","browserstack.testhubBuildUuid":"qnih38g1dmklk36rqxibognbizsjjpfibnj2kxwy","browserstack.local":true,"browserstack.localIdentifier":"Jul_14_1621_NBPE00263_nsg7"} 
2025-07-14 16:22:29 - [32minfo[39m: [BrowserstackCLI] Starting as child process with session ID: 9f2049fc-6bde-4c3a-9fe9-df27ccb67682
2025-07-14 16:22:29 - [32minfo[39m: [GrpcClient] Connected to gRPC server at 127.0.0.1:5400
2025-07-14 16:22:29 - [32minfo[39m: [GrpcClient] Connecting bin session
2025-07-14 16:22:29 - [32minfo[39m: [GrpcClient] ConnectBinSession successful
2025-07-14 16:22:29 - [32minfo[39m: [BrowserstackCLI] loadModules: Loading modules
2025-07-14 16:22:29 - [32minfo[39m: [BrowserstackCLI] loadModules: binSessionId=9f2049fc-6bde-4c3a-9fe9-df27ccb67682
2025-07-14 16:22:29 - [32minfo[39m: [BrowserstackCLI] loading Modules.
2025-07-14 16:22:29 - [32minfo[39m: [GrpcClient] Getting Playwright config
2025-07-14 16:22:30 - [32minfo[39m: [GrpcClient] PlaywrightConfig request successful
2025-07-14 16:22:30 - [32minfo[39m: [GrpcClient] Sending TestFrameworkEvent
2025-07-14 16:22:30 - [32minfo[39m: [BrowserstackCLI] Starting as child process with session ID: 9f2049fc-6bde-4c3a-9fe9-df27ccb67682
2025-07-14 16:22:30 - [32minfo[39m: [GrpcClient] TestFrameworkEvent request successful
2025-07-14 16:22:30 - [32minfo[39m: [BrowserstackCLI] startChild: client and channel already exist, stopping here
2025-07-14 16:22:30 - [32minfo[39m: [PlaywrightAutomationFramework] trackPlaywrightInstance: created instance for target=34168:0, state=AutomationFrameworkState.CREATE
2025-07-14 16:22:30 - [32minfo[39m: [PlaywrightAutomationFramework] trackPlaywrightInstance: saved instance contextId=d36448437a1ccf0695696f24b5cd99195061d804f66bf4d8201fc129e1b424db target=34168:0
2025-07-14 16:22:30 - [32minfo[39m: Processed accessibility caps false {"browserstack.user":"junior_XBsLjd","browserstack.key":"sTqhy8xzoGbjPvD5ZAXM","project":"BrowserStack Samples","build":"browserstack build","browserstack.buildIdentifier":"#2","browserstack.debug":false,"browserstack.networkLogs":false,"browserstack.console":"errors","turboScaleOptions":{},"os":"Windows","os_version":11,"browserstack.hostName":"NBPE00263","browserstack.browserstackSDK":"Playwright-nodeagent/1.38.0","browserstack.buildProductMap":{"observability":true,"accessibility":false,"percy":false,"automate":true,"app_automate":false},"browserstack.use_w3c":false,"browser":"chrome","browser_version":"latest","browserstack.testhubBuildUuid":"qnih38g1dmklk36rqxibognbizsjjpfibnj2kxwy","browserstack.local":true,"browserstack.localIdentifier":"Jul_14_1621_NBPE00263_nsg7"} 
2025-07-14 16:22:36 - [32minfo[39m: [PlaywrightAutomationFramework] trackPlaywrightInstance: instance already exists
2025-07-14 16:22:36 - [32minfo[39m: [GrpcClient] Sending TestFrameworkEvent
2025-07-14 16:22:36 - [32minfo[39m: getting screenshots results.
2025-07-14 16:22:36 - [32minfo[39m: [GrpcClient] Sending LogCreatedEvent
2025-07-14 16:22:36 - [32minfo[39m: [GrpcClient] TestFrameworkEvent request successful
2025-07-14 16:22:36 - [32minfo[39m: [GrpcClient] LogCreatedEvent request successful
2025-07-14 16:22:36 - [32minfo[39m: [PlaywrightAutomationFramework] trackPlaywrightInstance: instance already exists
2025-07-14 16:22:36 - [32minfo[39m: [GrpcClient] Sending TestFrameworkEvent
2025-07-14 16:22:36 - [32minfo[39m: getting screenshots results.
2025-07-14 16:22:36 - [32minfo[39m: [GrpcClient] Sending LogCreatedEvent
2025-07-14 16:22:36 - [32minfo[39m: [GrpcClient] TestFrameworkEvent request successful
2025-07-14 16:22:36 - [32minfo[39m: [GrpcClient] LogCreatedEvent request successful
2025-07-14 16:24:53 - [32minfo[39m: Reading configs from C:\Users\ediaz\Documents\2025\everdriven\repositories\Playwright\browserstack.yml
2025-07-14 16:24:53 - [32minfo[39m: Log Directory has been set to C:\Users\ediaz\Documents\2025\everdriven\repositories\Playwright\log
2025-07-14 16:24:53 - [32minfo[39m: Log Directory has been set to C:\Users\ediaz\Documents\2025\everdriven\repositories\Playwright\log
2025-07-14 16:24:53 - [32minfo[39m: Running SDK with args C:\Program Files\nodejs\node.exe C:\Users\ediaz\Documents\2025\everdriven\repositories\Playwright\node_modules\browserstack-node-sdk\src\bin\runner.js playwright test
2025-07-14 16:24:53 - [32minfo[39m: SDK run started with id: 430658a1-2ce0-498f-94e5-1b3d1cfd7b63
2025-07-14 16:24:53 - [32minfo[39m: Project and debug logs are captured by default. To disable, set disableAutoCaptureLogs: true in config.
2025-07-14 16:24:54 - [31merror[39m: Error: LocalError: Couldn't find binary file
    at BrowserStackSetup.setupBrowserstackLocal (C:\Users\ediaz\Documents\2025\everdriven\repositories\Playwright\node_modules\browserstack-node-sdk\src\helpers\BrowserStackSetup.js:1:17396)
    at process.processTicksAndRejections (node:internal/process/task_queues:105:5)
    at async BrowserStackSetup.initialize (C:\Users\ediaz\Documents\2025\everdriven\repositories\Playwright\node_modules\browserstack-node-sdk\src\helpers\BrowserStackSetup.js:1:14710)
    at async C:\Users\ediaz\Documents\2025\everdriven\repositories\Playwright\node_modules\browserstack-node-sdk\src\bin\playwright\command.js:2:7472
2025-07-14 16:24:53 - [32minfo[39m: Running SDK with args C:\Program Files\nodejs\node.exe C:\Users\ediaz\Documents\2025\everdriven\repositories\Playwright\node_modules\browserstack-node-sdk\src\bin\runner.js playwright test
2025-07-14 16:24:54 - [31merror[39m: EPERM: operation not permitted, unlink 'C:\Users\ediaz\.browserstack\BrowserStackLocal.exe'
2025-07-14 16:24:53 - [32minfo[39m: SDK run started with id: 430658a1-2ce0-498f-94e5-1b3d1cfd7b63
2025-07-14 16:24:53 - [32minfo[39m: Project and debug logs are captured by default. To disable, set disableAutoCaptureLogs: true in config.
2025-07-14 16:24:54 - [31merror[39m: Error: LocalError: Couldn't find binary file
    at BrowserStackSetup.setupBrowserstackLocal (C:\Users\ediaz\Documents\2025\everdriven\repositories\Playwright\node_modules\browserstack-node-sdk\src\helpers\BrowserStackSetup.js:1:17396)
    at process.processTicksAndRejections (node:internal/process/task_queues:105:5)
    at async BrowserStackSetup.initialize (C:\Users\ediaz\Documents\2025\everdriven\repositories\Playwright\node_modules\browserstack-node-sdk\src\helpers\BrowserStackSetup.js:1:14710)
    at async C:\Users\ediaz\Documents\2025\everdriven\repositories\Playwright\node_modules\browserstack-node-sdk\src\bin\playwright\command.js:2:7472
2025-07-14 16:24:54 - [31merror[39m: EPERM: operation not permitted, unlink 'C:\Users\ediaz\.browserstack\BrowserStackLocal.exe'
2025-07-14 16:24:54 - [31merror[39m: Size mismatch
2025-07-14 16:24:54 - [31merror[39m: Size mismatch
2025-07-14 16:24:54 - [31merror[39m: Size mismatch
2025-07-14 16:24:54 - [31merror[39m: Size mismatch
2025-07-14 16:24:54 - [32minfo[39m: [BrowserstackCLI] stop: CLI is not running, skipping stop
2025-07-14 16:24:54 - [32minfo[39m: [BrowserstackCLI] stop: CLI is not running, skipping stop
2025-07-14 16:24:55 - [32minfo[39m: [BrowserstackCLI] stop: CLI is not running, skipping stop
2025-07-14 16:24:55 - [32minfo[39m: [BrowserstackCLI] stop: CLI is not running, skipping stop
2025-07-14 16:26:01 - [32minfo[39m: Reading configs from C:\Users\ediaz\Documents\2025\everdriven\repositories\Playwright\browserstack.yml
2025-07-14 16:26:02 - [32minfo[39m: Log Directory has been set to C:\Users\ediaz\Documents\2025\everdriven\repositories\Playwright\log
2025-07-14 16:26:02 - [32minfo[39m: Log Directory has been set to C:\Users\ediaz\Documents\2025\everdriven\repositories\Playwright\log
2025-07-14 16:26:02 - [32minfo[39m: Running SDK with args C:\Program Files\nodejs\node.exe C:\Users\ediaz\Documents\2025\everdriven\repositories\Playwright\node_modules\browserstack-node-sdk\src\bin\runner.js playwright test
2025-07-14 16:26:02 - [32minfo[39m: SDK run started with id: 16c2ab13-da26-46bd-a1b3-6e622904fce5
2025-07-14 16:26:02 - [32minfo[39m: Project and debug logs are captured by default. To disable, set disableAutoCaptureLogs: true in config.
2025-07-14 16:26:03 - [31merror[39m: Error: LocalError: Couldn't find binary file
    at BrowserStackSetup.setupBrowserstackLocal (C:\Users\ediaz\Documents\2025\everdriven\repositories\Playwright\node_modules\browserstack-node-sdk\src\helpers\BrowserStackSetup.js:1:17396)
    at process.processTicksAndRejections (node:internal/process/task_queues:105:5)
    at async BrowserStackSetup.initialize (C:\Users\ediaz\Documents\2025\everdriven\repositories\Playwright\node_modules\browserstack-node-sdk\src\helpers\BrowserStackSetup.js:1:14710)
    at async C:\Users\ediaz\Documents\2025\everdriven\repositories\Playwright\node_modules\browserstack-node-sdk\src\bin\playwright\command.js:2:7472
2025-07-14 16:26:03 - [31merror[39m: EPERM: operation not permitted, unlink 'C:\Users\ediaz\.browserstack\BrowserStackLocal.exe'
2025-07-14 16:26:02 - [32minfo[39m: Running SDK with args C:\Program Files\nodejs\node.exe C:\Users\ediaz\Documents\2025\everdriven\repositories\Playwright\node_modules\browserstack-node-sdk\src\bin\runner.js playwright test
2025-07-14 16:26:02 - [32minfo[39m: SDK run started with id: 16c2ab13-da26-46bd-a1b3-6e622904fce5
2025-07-14 16:26:02 - [32minfo[39m: Project and debug logs are captured by default. To disable, set disableAutoCaptureLogs: true in config.
2025-07-14 16:26:03 - [31merror[39m: Error: LocalError: Couldn't find binary file
    at BrowserStackSetup.setupBrowserstackLocal (C:\Users\ediaz\Documents\2025\everdriven\repositories\Playwright\node_modules\browserstack-node-sdk\src\helpers\BrowserStackSetup.js:1:17396)
    at process.processTicksAndRejections (node:internal/process/task_queues:105:5)
    at async BrowserStackSetup.initialize (C:\Users\ediaz\Documents\2025\everdriven\repositories\Playwright\node_modules\browserstack-node-sdk\src\helpers\BrowserStackSetup.js:1:14710)
    at async C:\Users\ediaz\Documents\2025\everdriven\repositories\Playwright\node_modules\browserstack-node-sdk\src\bin\playwright\command.js:2:7472
2025-07-14 16:26:03 - [31merror[39m: EPERM: operation not permitted, unlink 'C:\Users\ediaz\.browserstack\BrowserStackLocal.exe'
2025-07-14 16:26:03 - [32minfo[39m: [BrowserstackCLI] stop: CLI is not running, skipping stop
2025-07-14 16:26:03 - [32minfo[39m: [BrowserstackCLI] stop: CLI is not running, skipping stop
2025-07-14 16:26:03 - [32minfo[39m: [BrowserstackCLI] stop: CLI is not running, skipping stop
2025-07-14 16:26:03 - [32minfo[39m: [BrowserstackCLI] stop: CLI is not running, skipping stop
2025-07-14 16:26:03 - [32minfo[39m: key-metrics.json file not found, skipping processing for event for cli.
2025-07-14 16:26:03 - [32minfo[39m: key-metrics.json file not found, skipping processing for event for cli.
2025-07-14 16:27:20 - [32minfo[39m: Reading configs from C:\Users\ediaz\Documents\2025\everdriven\repositories\Playwright\browserstack.yml
2025-07-14 16:27:20 - [32minfo[39m: Log Directory has been set to C:\Users\ediaz\Documents\2025\everdriven\repositories\Playwright\log
2025-07-14 16:27:20 - [32minfo[39m: Log Directory has been set to C:\Users\ediaz\Documents\2025\everdriven\repositories\Playwright\log
2025-07-14 16:27:20 - [32minfo[39m: Running SDK with args C:\Program Files\nodejs\node.exe C:\Users\ediaz\Documents\2025\everdriven\repositories\Playwright\node_modules\browserstack-node-sdk\src\bin\runner.js playwright test
2025-07-14 16:27:20 - [32minfo[39m: SDK run started with id: a72c7f68-01cf-4048-954c-00594f959c12
2025-07-14 16:27:20 - [32minfo[39m: Project and debug logs are captured by default. To disable, set disableAutoCaptureLogs: true in config.
2025-07-14 16:27:28 - [32minfo[39m: Local binary started successfully
2025-07-14 16:27:20 - [32minfo[39m: Running SDK with args C:\Program Files\nodejs\node.exe C:\Users\ediaz\Documents\2025\everdriven\repositories\Playwright\node_modules\browserstack-node-sdk\src\bin\runner.js playwright test
2025-07-14 16:27:20 - [32minfo[39m: SDK run started with id: a72c7f68-01cf-4048-954c-00594f959c12
2025-07-14 16:27:20 - [32minfo[39m: Project and debug logs are captured by default. To disable, set disableAutoCaptureLogs: true in config.
2025-07-14 16:27:28 - [32minfo[39m: Local binary started successfully
2025-07-14 16:27:30 - [32minfo[39m: [BrowserstackCLI] startMain: Starting main process
2025-07-14 16:27:30 - [32minfo[39m: [BrowserstackCLI] startMain: Starting main process
2025-07-14 16:27:30 - [32minfo[39m: [CLIUtils] Current CLI Path Found: C:\Users\ediaz\.browserstack\cli\binary-win-x64.exe
2025-07-14 16:27:30 - [32minfo[39m: [CLIUtils] Current CLI Path Found: C:\Users\ediaz\.browserstack\cli\binary-win-x64.exe
2025-07-14 16:27:30 - [32minfo[39m: [BrowserstackCLI] spawning command='C:\Users\ediaz\.browserstack\cli\binary-win-x64.exe,sdk'
2025-07-14 16:27:30 - [32minfo[39m: [BrowserstackCLI] spawning command='C:\Users\ediaz\.browserstack\cli\binary-win-x64.exe,sdk'
2025-07-14 16:27:31 - [32minfo[39m: [BrowserstackCLI] CLI params loaded: {"id":"bc1d7083-59f7-462c-9e03-5b81debb12fa","listen":"127.0.0.1:5400","port":"5400"}
2025-07-14 16:27:31 - [32minfo[39m: [BrowserstackCLI] CLI params loaded: {"id":"bc1d7083-59f7-462c-9e03-5b81debb12fa","listen":"127.0.0.1:5400","port":"5400"}
2025-07-14 16:27:31 - [32minfo[39m: [GrpcClient] Connected to gRPC server at 127.0.0.1:5400
2025-07-14 16:27:31 - [32minfo[39m: [GrpcClient] Initialized gRPC client with bin session id: bc1d7083-59f7-462c-9e03-5b81debb12fa and listen address: 127.0.0.1:5400
2025-07-14 16:27:31 - [32minfo[39m: [GrpcClient] startBinSession: Calling startBinSession
2025-07-14 16:27:31 - [32minfo[39m: [GrpcClient] Connected to gRPC server at 127.0.0.1:5400
2025-07-14 16:27:31 - [32minfo[39m: [GrpcClient] Initialized gRPC client with bin session id: bc1d7083-59f7-462c-9e03-5b81debb12fa and listen address: 127.0.0.1:5400
2025-07-14 16:27:31 - [32minfo[39m: [GrpcClient] startBinSession: Calling startBinSession
2025-07-14 16:27:34 - [32minfo[39m: [GrpcClient] StartBinSession successful
2025-07-14 16:27:34 - [32minfo[39m: [GrpcClient] StartBinSession successful
2025-07-14 16:27:34 - [32minfo[39m: [BrowserstackCLI] loadModules: Loading modules
2025-07-14 16:27:34 - [32minfo[39m: [BrowserstackCLI] loadModules: binSessionId=bc1d7083-59f7-462c-9e03-5b81debb12fa
2025-07-14 16:27:34 - [32minfo[39m: [BrowserstackCLI] loading Modules.
2025-07-14 16:27:34 - [32minfo[39m: [BrowserstackCLI] setCliArgs: cliArgs=["playwright","test"]
2025-07-14 16:27:34 - [32minfo[39m: [BrowserstackCLI] loadModules: Loading modules
2025-07-14 16:27:34 - [32minfo[39m: [BrowserstackCLI] loadModules: binSessionId=bc1d7083-59f7-462c-9e03-5b81debb12fa
2025-07-14 16:27:34 - [32minfo[39m: [BrowserstackCLI] loading Modules.
2025-07-14 16:27:34 - [32minfo[39m: [BrowserstackCLI] setCliArgs: cliArgs=["playwright","test"]
2025-07-14 16:27:37 - [32minfo[39m: [BrowserstackCLI] Starting as child process with session ID: bc1d7083-59f7-462c-9e03-5b81debb12fa
2025-07-14 16:27:37 - [32minfo[39m: [GrpcClient] Connected to gRPC server at 127.0.0.1:5400
2025-07-14 16:27:37 - [32minfo[39m: [GrpcClient] Connecting bin session
2025-07-14 16:27:38 - [32minfo[39m: [GrpcClient] ConnectBinSession successful
2025-07-14 16:27:38 - [32minfo[39m: [BrowserstackCLI] loadModules: Loading modules
2025-07-14 16:27:38 - [32minfo[39m: [BrowserstackCLI] loadModules: binSessionId=bc1d7083-59f7-462c-9e03-5b81debb12fa
2025-07-14 16:27:38 - [32minfo[39m: [BrowserstackCLI] loading Modules.
2025-07-14 16:27:38 - [32minfo[39m: [GrpcClient] Getting Playwright config
2025-07-14 16:27:38 - [32minfo[39m: [GrpcClient] PlaywrightConfig request successful
2025-07-14 16:27:38 - [32minfo[39m: Setting up TestInfo directory at C:\Users\ediaz\Documents\2025\everdriven\repositories\Playwright\log\.obs_test_details-undefined
2025-07-14 16:27:38 - [32minfo[39m: [PlaywrightTestFramework] trackPlaywrightInstance: created instance for target=22472:0, state=TestFrameworkState.INIT_TEST
2025-07-14 16:27:38 - [32minfo[39m: [PlaywrightTestFramework] trackPlaywrightInstance: saved instance contextId=e74cd2a78f62a43eb5317ce71e0b16f1e019998fb835f6cd9005e2bf17746015 target=22472:0
2025-07-14 16:27:41 - [32minfo[39m: [BrowserstackCLI] Starting as child process with session ID: bc1d7083-59f7-462c-9e03-5b81debb12fa
2025-07-14 16:27:41 - [32minfo[39m: [GrpcClient] Connected to gRPC server at 127.0.0.1:5400
2025-07-14 16:27:41 - [32minfo[39m: [GrpcClient] Connecting bin session
2025-07-14 16:27:41 - [32minfo[39m: [GrpcClient] ConnectBinSession successful
2025-07-14 16:27:41 - [32minfo[39m: [BrowserstackCLI] loadModules: Loading modules
2025-07-14 16:27:41 - [32minfo[39m: [BrowserstackCLI] loadModules: binSessionId=bc1d7083-59f7-462c-9e03-5b81debb12fa
2025-07-14 16:27:41 - [32minfo[39m: [BrowserstackCLI] loading Modules.
2025-07-14 16:27:41 - [32minfo[39m: [GrpcClient] Getting Playwright config
2025-07-14 16:27:41 - [32minfo[39m: [GrpcClient] PlaywrightConfig request successful
2025-07-14 16:27:41 - [32minfo[39m: [BrowserstackCLI] Starting as child process with session ID: bc1d7083-59f7-462c-9e03-5b81debb12fa
2025-07-14 16:27:41 - [32minfo[39m: [BrowserstackCLI] Starting as child process with session ID: bc1d7083-59f7-462c-9e03-5b81debb12fa
2025-07-14 16:27:41 - [32minfo[39m: [GrpcClient] Connected to gRPC server at 127.0.0.1:5400
2025-07-14 16:27:41 - [32minfo[39m: [GrpcClient] Connecting bin session
2025-07-14 16:27:41 - [32minfo[39m: [GrpcClient] Sending TestFrameworkEvent
2025-07-14 16:27:41 - [32minfo[39m: [GrpcClient] TestFrameworkEvent request successful
2025-07-14 16:27:41 - [32minfo[39m: [GrpcClient] ConnectBinSession successful
2025-07-14 16:27:41 - [32minfo[39m: [BrowserstackCLI] loadModules: Loading modules
2025-07-14 16:27:41 - [32minfo[39m: [BrowserstackCLI] loadModules: binSessionId=bc1d7083-59f7-462c-9e03-5b81debb12fa
2025-07-14 16:27:41 - [32minfo[39m: [BrowserstackCLI] loading Modules.
2025-07-14 16:27:41 - [32minfo[39m: [GrpcClient] Getting Playwright config
2025-07-14 16:27:41 - [32minfo[39m: [GrpcClient] PlaywrightConfig request successful
2025-07-14 16:27:41 - [32minfo[39m: [BrowserstackCLI] startChild: client and channel already exist, stopping here
2025-07-14 16:27:41 - [32minfo[39m: [PlaywrightAutomationFramework] trackPlaywrightInstance: created instance for target=3572:0, state=AutomationFrameworkState.CREATE
2025-07-14 16:27:41 - [32minfo[39m: [PlaywrightAutomationFramework] trackPlaywrightInstance: saved instance contextId=3fb0f44b5caad19d96e9987fc025ef702aa54e47f47284f0be30337b559ce86a target=3572:0
2025-07-14 16:27:41 - [32minfo[39m: Processed accessibility caps false {"browserstack.user":"junior_XBsLjd","browserstack.key":"sTqhy8xzoGbjPvD5ZAXM","project":"BrowserStack Samples","build":"browserstack build","browserstack.buildIdentifier":"#3","browserstack.debug":false,"browserstack.networkLogs":false,"browserstack.console":"errors","turboScaleOptions":{},"os":"OS X","os_version":"Ventura","browserstack.hostName":"NBPE00263","browserstack.browserstackSDK":"Playwright-nodeagent/1.38.0","browserstack.buildProductMap":{"observability":true,"accessibility":false,"percy":false,"automate":true,"app_automate":false},"browserstack.use_w3c":false,"browser":"playwright-webkit","browser_version":"latest","browserstack.testhubBuildUuid":"opx3fn8fedmzos3uctkaxvbknogvt2mutf7jlsr0","browserstack.local":true,"browserstack.localIdentifier":"Jul_14_1627_NBPE00263_a9f4"} 
2025-07-14 16:27:41 - [32minfo[39m: [BrowserstackCLI] Starting as child process with session ID: bc1d7083-59f7-462c-9e03-5b81debb12fa
2025-07-14 16:27:41 - [32minfo[39m: [GrpcClient] Sending TestFrameworkEvent
2025-07-14 16:27:41 - [32minfo[39m: [BrowserstackCLI] Starting as child process with session ID: bc1d7083-59f7-462c-9e03-5b81debb12fa
2025-07-14 16:27:41 - [32minfo[39m: [GrpcClient] TestFrameworkEvent request successful
2025-07-14 16:27:41 - [32minfo[39m: [GrpcClient] Connected to gRPC server at 127.0.0.1:5400
2025-07-14 16:27:41 - [32minfo[39m: [GrpcClient] Connecting bin session
2025-07-14 16:27:41 - [32minfo[39m: [GrpcClient] ConnectBinSession successful
2025-07-14 16:27:41 - [32minfo[39m: [BrowserstackCLI] startChild: client and channel already exist, stopping here
2025-07-14 16:27:41 - [32minfo[39m: [PlaywrightAutomationFramework] trackPlaywrightInstance: created instance for target=13324:0, state=AutomationFrameworkState.CREATE
2025-07-14 16:27:41 - [32minfo[39m: [PlaywrightAutomationFramework] trackPlaywrightInstance: saved instance contextId=51d124695f073211fd79c8a985655af0e2ba7a9dd4db74e1c817ef501a7677e9 target=13324:0
2025-07-14 16:27:41 - [32minfo[39m: Processed accessibility caps false {"browserstack.user":"junior_XBsLjd","browserstack.key":"sTqhy8xzoGbjPvD5ZAXM","project":"BrowserStack Samples","build":"browserstack build","browserstack.buildIdentifier":"#3","browserstack.debug":false,"browserstack.networkLogs":false,"browserstack.console":"errors","turboScaleOptions":{},"os":"Windows","os_version":11,"browserstack.hostName":"NBPE00263","browserstack.browserstackSDK":"Playwright-nodeagent/1.38.0","browserstack.buildProductMap":{"observability":true,"accessibility":false,"percy":false,"automate":true,"app_automate":false},"browserstack.use_w3c":false,"browser":"playwright-firefox","browser_version":"latest","browserstack.testhubBuildUuid":"opx3fn8fedmzos3uctkaxvbknogvt2mutf7jlsr0","browserstack.local":true,"browserstack.localIdentifier":"Jul_14_1627_NBPE00263_a9f4"} 
2025-07-14 16:27:41 - [32minfo[39m: [BrowserstackCLI] loadModules: Loading modules
2025-07-14 16:27:41 - [32minfo[39m: [BrowserstackCLI] loadModules: binSessionId=bc1d7083-59f7-462c-9e03-5b81debb12fa
2025-07-14 16:27:41 - [32minfo[39m: [BrowserstackCLI] loading Modules.
2025-07-14 16:27:41 - [32minfo[39m: [GrpcClient] Getting Playwright config
2025-07-14 16:27:41 - [32minfo[39m: [GrpcClient] PlaywrightConfig request successful
2025-07-14 16:27:41 - [32minfo[39m: [GrpcClient] Sending TestFrameworkEvent
2025-07-14 16:27:41 - [32minfo[39m: [BrowserstackCLI] Starting as child process with session ID: bc1d7083-59f7-462c-9e03-5b81debb12fa
2025-07-14 16:27:41 - [32minfo[39m: [GrpcClient] TestFrameworkEvent request successful
2025-07-14 16:27:41 - [32minfo[39m: [BrowserstackCLI] startChild: client and channel already exist, stopping here
2025-07-14 16:27:41 - [32minfo[39m: [PlaywrightAutomationFramework] trackPlaywrightInstance: created instance for target=19812:0, state=AutomationFrameworkState.CREATE
2025-07-14 16:27:41 - [32minfo[39m: [PlaywrightAutomationFramework] trackPlaywrightInstance: saved instance contextId=7a7901f4800bc550a6fe24cfd3b36a66ec31d614aeb15325588897a9edfd8739 target=19812:0
2025-07-14 16:27:41 - [32minfo[39m: Processed accessibility caps false {"browserstack.user":"junior_XBsLjd","browserstack.key":"sTqhy8xzoGbjPvD5ZAXM","project":"BrowserStack Samples","build":"browserstack build","browserstack.buildIdentifier":"#3","browserstack.debug":false,"browserstack.networkLogs":false,"browserstack.console":"errors","turboScaleOptions":{},"os":"Windows","os_version":11,"browserstack.hostName":"NBPE00263","browserstack.browserstackSDK":"Playwright-nodeagent/1.38.0","browserstack.buildProductMap":{"observability":true,"accessibility":false,"percy":false,"automate":true,"app_automate":false},"browserstack.use_w3c":false,"browser":"chrome","browser_version":"latest","browserstack.testhubBuildUuid":"opx3fn8fedmzos3uctkaxvbknogvt2mutf7jlsr0","browserstack.local":true,"browserstack.localIdentifier":"Jul_14_1627_NBPE00263_a9f4"} 
2025-07-14 16:27:45 - [32minfo[39m: [PlaywrightAutomationFramework] trackPlaywrightInstance: instance already exists
2025-07-14 16:27:46 - [32minfo[39m: [GrpcClient] Sending TestFrameworkEvent
2025-07-14 16:27:46 - [32minfo[39m: getting screenshots results.
2025-07-14 16:27:46 - [32minfo[39m: [GrpcClient] Sending LogCreatedEvent
2025-07-14 16:27:46 - [32minfo[39m: [GrpcClient] TestFrameworkEvent request successful
2025-07-14 16:27:46 - [32minfo[39m: [GrpcClient] LogCreatedEvent request successful
2025-07-14 16:27:51 - [32minfo[39m: [PlaywrightAutomationFramework] trackPlaywrightInstance: instance already exists
2025-07-14 16:27:51 - [32minfo[39m: [GrpcClient] Sending TestFrameworkEvent
2025-07-14 16:27:51 - [32minfo[39m: getting screenshots results.
2025-07-14 16:27:51 - [32minfo[39m: [GrpcClient] Sending LogCreatedEvent
2025-07-14 16:27:51 - [32minfo[39m: [GrpcClient] TestFrameworkEvent request successful
2025-07-14 16:27:51 - [32minfo[39m: [GrpcClient] LogCreatedEvent request successful
2025-07-14 16:28:00 - [32minfo[39m: [PlaywrightAutomationFramework] trackPlaywrightInstance: instance already exists
2025-07-14 16:28:00 - [32minfo[39m: [GrpcClient] Sending TestFrameworkEvent
2025-07-14 16:28:00 - [32minfo[39m: getting screenshots results.
2025-07-14 16:28:00 - [32minfo[39m: [GrpcClient] Sending LogCreatedEvent
2025-07-14 16:28:00 - [32minfo[39m: [GrpcClient] TestFrameworkEvent request successful
2025-07-14 16:28:00 - [32minfo[39m: [GrpcClient] LogCreatedEvent request successful
2025-07-14 16:50:19 - [32minfo[39m: Reading configs from C:\Users\ediaz\Documents\2025\everdriven\repositories\Playwright\browserstack.yml
2025-07-14 16:50:19 - [32minfo[39m: Log Directory has been set to C:\Users\ediaz\Documents\2025\everdriven\repositories\Playwright\log
2025-07-14 16:50:19 - [32minfo[39m: Running SDK with args C:\Program Files\nodejs\node.exe C:\Users\ediaz\Documents\2025\everdriven\repositories\Playwright\node_modules\browserstack-node-sdk\src\bin\runner.js playwright test
2025-07-14 16:50:19 - [32minfo[39m: SDK run started with id: a2eb2175-7a9a-4b79-841b-7b309e050666
2025-07-14 16:50:19 - [32minfo[39m: Project and debug logs are captured by default. To disable, set disableAutoCaptureLogs: true in config.
2025-07-14 16:50:25 - [32minfo[39m: Local binary started successfully
2025-07-14 16:50:19 - [32minfo[39m: Log Directory has been set to C:\Users\ediaz\Documents\2025\everdriven\repositories\Playwright\log
2025-07-14 16:50:19 - [32minfo[39m: Running SDK with args C:\Program Files\nodejs\node.exe C:\Users\ediaz\Documents\2025\everdriven\repositories\Playwright\node_modules\browserstack-node-sdk\src\bin\runner.js playwright test
2025-07-14 16:50:19 - [32minfo[39m: SDK run started with id: a2eb2175-7a9a-4b79-841b-7b309e050666
2025-07-14 16:50:19 - [32minfo[39m: Project and debug logs are captured by default. To disable, set disableAutoCaptureLogs: true in config.
2025-07-14 16:50:25 - [32minfo[39m: Local binary started successfully
2025-07-14 16:50:26 - [32minfo[39m: [BrowserstackCLI] startMain: Starting main process
2025-07-14 16:50:26 - [32minfo[39m: [BrowserstackCLI] startMain: Starting main process
2025-07-14 16:50:26 - [32minfo[39m: [CLIUtils] Current CLI Path Found: C:\Users\ediaz\.browserstack\cli\binary-win-x64.exe
2025-07-14 16:50:26 - [32minfo[39m: [CLIUtils] Current CLI Path Found: C:\Users\ediaz\.browserstack\cli\binary-win-x64.exe
2025-07-14 16:50:27 - [32minfo[39m: [BrowserstackCLI] spawning command='C:\Users\ediaz\.browserstack\cli\binary-win-x64.exe,sdk'
2025-07-14 16:50:27 - [32minfo[39m: [BrowserstackCLI] spawning command='C:\Users\ediaz\.browserstack\cli\binary-win-x64.exe,sdk'
2025-07-14 16:50:27 - [32minfo[39m: [BrowserstackCLI] CLI params loaded: {"id":"aef398f2-490f-4e03-ab26-d1ba50fb103a","listen":"127.0.0.1:5400","port":"5400"}
2025-07-14 16:50:27 - [32minfo[39m: [BrowserstackCLI] CLI params loaded: {"id":"aef398f2-490f-4e03-ab26-d1ba50fb103a","listen":"127.0.0.1:5400","port":"5400"}
2025-07-14 16:50:27 - [32minfo[39m: [GrpcClient] Connected to gRPC server at 127.0.0.1:5400
2025-07-14 16:50:27 - [32minfo[39m: [GrpcClient] Initialized gRPC client with bin session id: aef398f2-490f-4e03-ab26-d1ba50fb103a and listen address: 127.0.0.1:5400
2025-07-14 16:50:27 - [32minfo[39m: [GrpcClient] startBinSession: Calling startBinSession
2025-07-14 16:50:27 - [32minfo[39m: [GrpcClient] Connected to gRPC server at 127.0.0.1:5400
2025-07-14 16:50:27 - [32minfo[39m: [GrpcClient] Initialized gRPC client with bin session id: aef398f2-490f-4e03-ab26-d1ba50fb103a and listen address: 127.0.0.1:5400
2025-07-14 16:50:27 - [32minfo[39m: [GrpcClient] startBinSession: Calling startBinSession
2025-07-14 16:50:31 - [32minfo[39m: [GrpcClient] StartBinSession successful
2025-07-14 16:50:31 - [32minfo[39m: [GrpcClient] StartBinSession successful
2025-07-14 16:50:31 - [32minfo[39m: [BrowserstackCLI] loadModules: Loading modules
2025-07-14 16:50:31 - [32minfo[39m: [BrowserstackCLI] loadModules: binSessionId=aef398f2-490f-4e03-ab26-d1ba50fb103a
2025-07-14 16:50:31 - [32minfo[39m: [BrowserstackCLI] loading Modules.
2025-07-14 16:50:31 - [32minfo[39m: [BrowserstackCLI] setCliArgs: cliArgs=["playwright","test"]
2025-07-14 16:50:31 - [32minfo[39m: [BrowserstackCLI] loadModules: Loading modules
2025-07-14 16:50:31 - [32minfo[39m: [BrowserstackCLI] loadModules: binSessionId=aef398f2-490f-4e03-ab26-d1ba50fb103a
2025-07-14 16:50:31 - [32minfo[39m: [BrowserstackCLI] loading Modules.
2025-07-14 16:50:31 - [32minfo[39m: [BrowserstackCLI] setCliArgs: cliArgs=["playwright","test"]
2025-07-14 16:50:35 - [32minfo[39m: [BrowserstackCLI] Starting as child process with session ID: aef398f2-490f-4e03-ab26-d1ba50fb103a
2025-07-14 16:50:35 - [32minfo[39m: [GrpcClient] Connected to gRPC server at 127.0.0.1:5400
2025-07-14 16:50:35 - [32minfo[39m: [GrpcClient] Connecting bin session
2025-07-14 16:50:36 - [32minfo[39m: [GrpcClient] ConnectBinSession successful
2025-07-14 16:50:36 - [32minfo[39m: [BrowserstackCLI] loadModules: Loading modules
2025-07-14 16:50:36 - [32minfo[39m: [BrowserstackCLI] loadModules: binSessionId=aef398f2-490f-4e03-ab26-d1ba50fb103a
2025-07-14 16:50:36 - [32minfo[39m: [BrowserstackCLI] loading Modules.
2025-07-14 16:50:36 - [32minfo[39m: [GrpcClient] Getting Playwright config
2025-07-14 16:50:36 - [32minfo[39m: [GrpcClient] PlaywrightConfig request successful
2025-07-14 16:50:36 - [32minfo[39m: Setting up TestInfo directory at C:\Users\ediaz\Documents\2025\everdriven\repositories\Playwright\log\.obs_test_details-undefined
2025-07-14 16:50:36 - [32minfo[39m: [PlaywrightTestFramework] trackPlaywrightInstance: created instance for target=13004:0, state=TestFrameworkState.INIT_TEST
2025-07-14 16:50:36 - [32minfo[39m: [PlaywrightTestFramework] trackPlaywrightInstance: saved instance contextId=e2e3afea8bdc2f0f9242d0cf946b82307799974cf3b6a33686c69ed98aa9eaae target=13004:0
2025-07-14 16:50:39 - [32minfo[39m: [BrowserstackCLI] Starting as child process with session ID: aef398f2-490f-4e03-ab26-d1ba50fb103a
2025-07-14 16:50:39 - [32minfo[39m: [GrpcClient] Connected to gRPC server at 127.0.0.1:5400
2025-07-14 16:50:39 - [32minfo[39m: [GrpcClient] Connecting bin session
2025-07-14 16:50:39 - [32minfo[39m: [GrpcClient] ConnectBinSession successful
2025-07-14 16:50:39 - [32minfo[39m: [BrowserstackCLI] loadModules: Loading modules
2025-07-14 16:50:39 - [32minfo[39m: [BrowserstackCLI] loadModules: binSessionId=aef398f2-490f-4e03-ab26-d1ba50fb103a
2025-07-14 16:50:39 - [32minfo[39m: [BrowserstackCLI] loading Modules.
2025-07-14 16:50:39 - [32minfo[39m: [GrpcClient] Getting Playwright config
2025-07-14 16:50:39 - [32minfo[39m: [GrpcClient] PlaywrightConfig request successful
2025-07-14 16:50:39 - [32minfo[39m: [BrowserstackCLI] Starting as child process with session ID: aef398f2-490f-4e03-ab26-d1ba50fb103a
2025-07-14 16:50:39 - [32minfo[39m: [GrpcClient] Sending TestFrameworkEvent
2025-07-14 16:50:39 - [32minfo[39m: [GrpcClient] TestFrameworkEvent request successful
2025-07-14 16:50:39 - [32minfo[39m: [BrowserstackCLI] startChild: client and channel already exist, stopping here
2025-07-14 16:50:39 - [32minfo[39m: [PlaywrightAutomationFramework] trackPlaywrightInstance: created instance for target=31964:0, state=AutomationFrameworkState.CREATE
2025-07-14 16:50:39 - [32minfo[39m: [PlaywrightAutomationFramework] trackPlaywrightInstance: saved instance contextId=8cf7a0da337ef86828a5242609a1efd06816e0b9beaafb25172bf9ec7f38582a target=31964:0
2025-07-14 16:50:39 - [32minfo[39m: Processed accessibility caps false {"browserstack.user":"junior_XBsLjd","browserstack.key":"sTqhy8xzoGbjPvD5ZAXM","project":"BrowserStack Samples","build":"browserstack build","browserstack.buildIdentifier":"#4","browserstack.debug":true,"browserstack.networkLogs":false,"browserstack.console":"info","turboScaleOptions":{},"os":"Windows","os_version":11,"browserstack.hostName":"NBPE00263","browserstack.browserstackSDK":"Playwright-nodeagent/1.38.0","browserstack.buildProductMap":{"observability":true,"accessibility":false,"percy":false,"automate":true,"app_automate":false},"browserstack.use_w3c":false,"browser":"playwright-firefox","browser_version":"latest","browserstack.testhubBuildUuid":"qcchxnurtzknfhnroi4djhbjcdsyple3zznp0i6x","browserstack.local":true,"browserstack.localIdentifier":"Jul_14_1650_NBPE00263_h4lb"} 
2025-07-14 16:50:48 - [32minfo[39m: [PlaywrightAutomationFramework] trackPlaywrightInstance: instance already exists
2025-07-14 16:50:48 - [32minfo[39m: [GrpcClient] Sending TestFrameworkEvent
2025-07-14 16:50:48 - [32minfo[39m: getting screenshots results.
2025-07-14 16:50:48 - [32minfo[39m: [GrpcClient] Sending LogCreatedEvent
2025-07-14 16:50:48 - [32minfo[39m: [GrpcClient] TestFrameworkEvent request successful
2025-07-14 16:50:48 - [32minfo[39m: [GrpcClient] LogCreatedEvent request successful
2025-07-14 16:52:56 - [32minfo[39m: Reading configs from C:\Users\ediaz\Documents\2025\everdriven\repositories\Playwright\browserstack.yml
2025-07-14 16:52:56 - [32minfo[39m: Log Directory has been set to C:\Users\ediaz\Documents\2025\everdriven\repositories\Playwright\log
2025-07-14 16:52:56 - [32minfo[39m: Log Directory has been set to C:\Users\ediaz\Documents\2025\everdriven\repositories\Playwright\log
2025-07-14 16:52:56 - [32minfo[39m: Running SDK with args C:\Program Files\nodejs\node.exe C:\Users\ediaz\Documents\2025\everdriven\repositories\Playwright\node_modules\browserstack-node-sdk\src\bin\runner.js playwright test
2025-07-14 16:52:56 - [32minfo[39m: SDK run started with id: 7a5fa5b4-71b7-4b26-833c-a6ba8c15ded0
2025-07-14 16:52:56 - [32minfo[39m: Project and debug logs are captured by default. To disable, set disableAutoCaptureLogs: true in config.
2025-07-14 16:52:57 - [31merror[39m: Error: LocalError: Couldn't find binary file
    at BrowserStackSetup.setupBrowserstackLocal (C:\Users\ediaz\Documents\2025\everdriven\repositories\Playwright\node_modules\browserstack-node-sdk\src\helpers\BrowserStackSetup.js:1:17396)
    at process.processTicksAndRejections (node:internal/process/task_queues:105:5)
    at async BrowserStackSetup.initialize (C:\Users\ediaz\Documents\2025\everdriven\repositories\Playwright\node_modules\browserstack-node-sdk\src\helpers\BrowserStackSetup.js:1:14710)
    at async C:\Users\ediaz\Documents\2025\everdriven\repositories\Playwright\node_modules\browserstack-node-sdk\src\bin\playwright\command.js:2:7472
2025-07-14 16:52:57 - [31merror[39m: EPERM: operation not permitted, unlink 'C:\Users\ediaz\.browserstack\BrowserStackLocal.exe'
2025-07-14 16:52:56 - [32minfo[39m: Running SDK with args C:\Program Files\nodejs\node.exe C:\Users\ediaz\Documents\2025\everdriven\repositories\Playwright\node_modules\browserstack-node-sdk\src\bin\runner.js playwright test
2025-07-14 16:52:56 - [32minfo[39m: SDK run started with id: 7a5fa5b4-71b7-4b26-833c-a6ba8c15ded0
2025-07-14 16:52:56 - [32minfo[39m: Project and debug logs are captured by default. To disable, set disableAutoCaptureLogs: true in config.
2025-07-14 16:52:57 - [31merror[39m: Error: LocalError: Couldn't find binary file
    at BrowserStackSetup.setupBrowserstackLocal (C:\Users\ediaz\Documents\2025\everdriven\repositories\Playwright\node_modules\browserstack-node-sdk\src\helpers\BrowserStackSetup.js:1:17396)
    at process.processTicksAndRejections (node:internal/process/task_queues:105:5)
    at async BrowserStackSetup.initialize (C:\Users\ediaz\Documents\2025\everdriven\repositories\Playwright\node_modules\browserstack-node-sdk\src\helpers\BrowserStackSetup.js:1:14710)
    at async C:\Users\ediaz\Documents\2025\everdriven\repositories\Playwright\node_modules\browserstack-node-sdk\src\bin\playwright\command.js:2:7472
2025-07-14 16:52:57 - [31merror[39m: EPERM: operation not permitted, unlink 'C:\Users\ediaz\.browserstack\BrowserStackLocal.exe'
2025-07-14 16:52:58 - [32minfo[39m: [BrowserstackCLI] stop: CLI is not running, skipping stop
2025-07-14 16:52:58 - [32minfo[39m: [BrowserstackCLI] stop: CLI is not running, skipping stop
2025-07-14 16:52:58 - [32minfo[39m: [BrowserstackCLI] stop: CLI is not running, skipping stop
2025-07-14 16:52:58 - [32minfo[39m: [BrowserstackCLI] stop: CLI is not running, skipping stop
2025-07-14 16:53:31 - [32minfo[39m: Reading configs from C:\Users\ediaz\Documents\2025\everdriven\repositories\Playwright\browserstack.yml
2025-07-14 16:53:31 - [32minfo[39m: Log Directory has been set to C:\Users\ediaz\Documents\2025\everdriven\repositories\Playwright\log
2025-07-14 16:53:31 - [32minfo[39m: Log Directory has been set to C:\Users\ediaz\Documents\2025\everdriven\repositories\Playwright\log
2025-07-14 16:53:31 - [32minfo[39m: Running SDK with args C:\Program Files\nodejs\node.exe C:\Users\ediaz\Documents\2025\everdriven\repositories\Playwright\node_modules\browserstack-node-sdk\src\bin\runner.js playwright test
2025-07-14 16:53:31 - [32minfo[39m: SDK run started with id: 95ccc55a-a596-421f-9680-b33a1e88d901
2025-07-14 16:53:31 - [32minfo[39m: Project and debug logs are captured by default. To disable, set disableAutoCaptureLogs: true in config.
2025-07-14 16:53:37 - [32minfo[39m: Local binary started successfully
2025-07-14 16:53:31 - [32minfo[39m: Running SDK with args C:\Program Files\nodejs\node.exe C:\Users\ediaz\Documents\2025\everdriven\repositories\Playwright\node_modules\browserstack-node-sdk\src\bin\runner.js playwright test
2025-07-14 16:53:31 - [32minfo[39m: SDK run started with id: 95ccc55a-a596-421f-9680-b33a1e88d901
2025-07-14 16:53:31 - [32minfo[39m: Project and debug logs are captured by default. To disable, set disableAutoCaptureLogs: true in config.
2025-07-14 16:53:37 - [32minfo[39m: Local binary started successfully
2025-07-14 16:53:38 - [32minfo[39m: [BrowserstackCLI] startMain: Starting main process
2025-07-14 16:53:38 - [32minfo[39m: [BrowserstackCLI] startMain: Starting main process
2025-07-14 16:53:38 - [32minfo[39m: [CLIUtils] Current CLI Path Found: C:\Users\ediaz\.browserstack\cli\binary-win-x64.exe
2025-07-14 16:53:38 - [32minfo[39m: [CLIUtils] Current CLI Path Found: C:\Users\ediaz\.browserstack\cli\binary-win-x64.exe
2025-07-14 16:53:39 - [32minfo[39m: [BrowserstackCLI] spawning command='C:\Users\ediaz\.browserstack\cli\binary-win-x64.exe,sdk'
2025-07-14 16:53:39 - [32minfo[39m: [BrowserstackCLI] spawning command='C:\Users\ediaz\.browserstack\cli\binary-win-x64.exe,sdk'
2025-07-14 16:53:39 - [32minfo[39m: [BrowserstackCLI] CLI params loaded: {"id":"797e2468-dd05-4546-bf7f-01def796d874","listen":"127.0.0.1:5400","port":"5400"}
2025-07-14 16:53:39 - [32minfo[39m: [BrowserstackCLI] CLI params loaded: {"id":"797e2468-dd05-4546-bf7f-01def796d874","listen":"127.0.0.1:5400","port":"5400"}
2025-07-14 16:53:39 - [32minfo[39m: [GrpcClient] Connected to gRPC server at 127.0.0.1:5400
2025-07-14 16:53:39 - [32minfo[39m: [GrpcClient] Initialized gRPC client with bin session id: 797e2468-dd05-4546-bf7f-01def796d874 and listen address: 127.0.0.1:5400
2025-07-14 16:53:39 - [32minfo[39m: [GrpcClient] startBinSession: Calling startBinSession
2025-07-14 16:53:39 - [32minfo[39m: [GrpcClient] Connected to gRPC server at 127.0.0.1:5400
2025-07-14 16:53:39 - [32minfo[39m: [GrpcClient] Initialized gRPC client with bin session id: 797e2468-dd05-4546-bf7f-01def796d874 and listen address: 127.0.0.1:5400
2025-07-14 16:53:39 - [32minfo[39m: [GrpcClient] startBinSession: Calling startBinSession
2025-07-14 16:53:43 - [32minfo[39m: [GrpcClient] StartBinSession successful
2025-07-14 16:53:43 - [32minfo[39m: [GrpcClient] StartBinSession successful
2025-07-14 16:53:43 - [32minfo[39m: [BrowserstackCLI] loadModules: Loading modules
2025-07-14 16:53:43 - [32minfo[39m: [BrowserstackCLI] loadModules: Loading modules
2025-07-14 16:53:43 - [32minfo[39m: [BrowserstackCLI] loadModules: binSessionId=797e2468-dd05-4546-bf7f-01def796d874
2025-07-14 16:53:43 - [32minfo[39m: [BrowserstackCLI] loadModules: binSessionId=797e2468-dd05-4546-bf7f-01def796d874
2025-07-14 16:53:43 - [32minfo[39m: [BrowserstackCLI] loading Modules.
2025-07-14 16:53:43 - [32minfo[39m: [BrowserstackCLI] loading Modules.
2025-07-14 16:53:43 - [32minfo[39m: [BrowserstackCLI] setCliArgs: cliArgs=["playwright","test"]
2025-07-14 16:53:43 - [32minfo[39m: [BrowserstackCLI] setCliArgs: cliArgs=["playwright","test"]
2025-07-14 16:53:46 - [32minfo[39m: [BrowserstackCLI] Starting as child process with session ID: 797e2468-dd05-4546-bf7f-01def796d874
2025-07-14 16:53:46 - [32minfo[39m: [GrpcClient] Connected to gRPC server at 127.0.0.1:5400
2025-07-14 16:53:46 - [32minfo[39m: [GrpcClient] Connecting bin session
2025-07-14 16:53:47 - [32minfo[39m: [GrpcClient] ConnectBinSession successful
2025-07-14 16:53:47 - [32minfo[39m: [BrowserstackCLI] loadModules: Loading modules
2025-07-14 16:53:47 - [32minfo[39m: [BrowserstackCLI] loadModules: binSessionId=797e2468-dd05-4546-bf7f-01def796d874
2025-07-14 16:53:47 - [32minfo[39m: [BrowserstackCLI] loading Modules.
2025-07-14 16:53:47 - [32minfo[39m: [GrpcClient] Getting Playwright config
2025-07-14 16:53:47 - [32minfo[39m: [GrpcClient] PlaywrightConfig request successful
2025-07-14 16:53:47 - [32minfo[39m: Setting up TestInfo directory at C:\Users\ediaz\Documents\2025\everdriven\repositories\Playwright\log\.obs_test_details-undefined
2025-07-14 16:53:47 - [32minfo[39m: [PlaywrightTestFramework] trackPlaywrightInstance: created instance for target=35940:0, state=TestFrameworkState.INIT_TEST
2025-07-14 16:53:47 - [32minfo[39m: [PlaywrightTestFramework] trackPlaywrightInstance: saved instance contextId=fd9dd1e0fdbc2c64a0e3c04ca6c12462a87ecbb3101ae8b428e616a743679842 target=35940:0
2025-07-14 16:53:50 - [32minfo[39m: [BrowserstackCLI] Starting as child process with session ID: 797e2468-dd05-4546-bf7f-01def796d874
2025-07-14 16:53:50 - [32minfo[39m: [GrpcClient] Connected to gRPC server at 127.0.0.1:5400
2025-07-14 16:53:50 - [32minfo[39m: [GrpcClient] Connecting bin session
2025-07-14 16:53:50 - [32minfo[39m: [GrpcClient] ConnectBinSession successful
2025-07-14 16:53:50 - [32minfo[39m: [BrowserstackCLI] loadModules: Loading modules
2025-07-14 16:53:50 - [32minfo[39m: [BrowserstackCLI] loadModules: binSessionId=797e2468-dd05-4546-bf7f-01def796d874
2025-07-14 16:53:50 - [32minfo[39m: [BrowserstackCLI] loading Modules.
2025-07-14 16:53:50 - [32minfo[39m: [GrpcClient] Getting Playwright config
2025-07-14 16:53:50 - [32minfo[39m: [GrpcClient] PlaywrightConfig request successful
2025-07-14 16:53:50 - [32minfo[39m: [BrowserstackCLI] Starting as child process with session ID: 797e2468-dd05-4546-bf7f-01def796d874
2025-07-14 16:53:50 - [32minfo[39m: [GrpcClient] Sending TestFrameworkEvent
2025-07-14 16:53:50 - [32minfo[39m: [BrowserstackCLI] startChild: client and channel already exist, stopping here
2025-07-14 16:53:50 - [32minfo[39m: [GrpcClient] TestFrameworkEvent request successful
2025-07-14 16:54:00 - [32minfo[39m: [GrpcClient] Sending TestFrameworkEvent
2025-07-14 16:54:00 - [32minfo[39m: getting screenshots results.
2025-07-14 16:54:00 - [32minfo[39m: [GrpcClient] Sending LogCreatedEvent
2025-07-14 16:54:00 - [32minfo[39m: [GrpcClient] TestFrameworkEvent request successful
2025-07-14 16:54:00 - [32minfo[39m: [GrpcClient] LogCreatedEvent request successful
2025-07-14 16:58:29 - [32minfo[39m: Reading configs from C:\Users\ediaz\Documents\2025\everdriven\repositories\Playwright\browserstack.yml
2025-07-14 16:58:29 - [32minfo[39m: Log Directory has been set to C:\Users\ediaz\Documents\2025\everdriven\repositories\Playwright\log
2025-07-14 16:58:29 - [32minfo[39m: Log Directory has been set to C:\Users\ediaz\Documents\2025\everdriven\repositories\Playwright\log
2025-07-14 16:58:29 - [32minfo[39m: Running SDK with args C:\Program Files\nodejs\node.exe C:\Users\ediaz\Documents\2025\everdriven\repositories\Playwright\node_modules\browserstack-node-sdk\src\bin\runner.js playwright test
2025-07-14 16:58:29 - [32minfo[39m: SDK run started with id: 50b0d369-d3d8-4baa-af5f-c54828478601
2025-07-14 16:58:29 - [32minfo[39m: Project and debug logs are captured by default. To disable, set disableAutoCaptureLogs: true in config.
2025-07-14 16:58:30 - [31merror[39m: Error: LocalError: Couldn't find binary file
    at BrowserStackSetup.setupBrowserstackLocal (C:\Users\ediaz\Documents\2025\everdriven\repositories\Playwright\node_modules\browserstack-node-sdk\src\helpers\BrowserStackSetup.js:1:17396)
    at process.processTicksAndRejections (node:internal/process/task_queues:105:5)
    at async BrowserStackSetup.initialize (C:\Users\ediaz\Documents\2025\everdriven\repositories\Playwright\node_modules\browserstack-node-sdk\src\helpers\BrowserStackSetup.js:1:14710)
    at async C:\Users\ediaz\Documents\2025\everdriven\repositories\Playwright\node_modules\browserstack-node-sdk\src\bin\playwright\command.js:2:7472
2025-07-14 16:58:30 - [31merror[39m: EPERM: operation not permitted, unlink 'C:\Users\ediaz\.browserstack\BrowserStackLocal.exe'
2025-07-14 16:58:29 - [32minfo[39m: Running SDK with args C:\Program Files\nodejs\node.exe C:\Users\ediaz\Documents\2025\everdriven\repositories\Playwright\node_modules\browserstack-node-sdk\src\bin\runner.js playwright test
2025-07-14 16:58:29 - [32minfo[39m: SDK run started with id: 50b0d369-d3d8-4baa-af5f-c54828478601
2025-07-14 16:58:29 - [32minfo[39m: Project and debug logs are captured by default. To disable, set disableAutoCaptureLogs: true in config.
2025-07-14 16:58:30 - [31merror[39m: Error: LocalError: Couldn't find binary file
    at BrowserStackSetup.setupBrowserstackLocal (C:\Users\ediaz\Documents\2025\everdriven\repositories\Playwright\node_modules\browserstack-node-sdk\src\helpers\BrowserStackSetup.js:1:17396)
    at process.processTicksAndRejections (node:internal/process/task_queues:105:5)
    at async BrowserStackSetup.initialize (C:\Users\ediaz\Documents\2025\everdriven\repositories\Playwright\node_modules\browserstack-node-sdk\src\helpers\BrowserStackSetup.js:1:14710)
    at async C:\Users\ediaz\Documents\2025\everdriven\repositories\Playwright\node_modules\browserstack-node-sdk\src\bin\playwright\command.js:2:7472
2025-07-14 16:58:30 - [31merror[39m: EPERM: operation not permitted, unlink 'C:\Users\ediaz\.browserstack\BrowserStackLocal.exe'
2025-07-14 16:58:31 - [32minfo[39m: [BrowserstackCLI] stop: CLI is not running, skipping stop
2025-07-14 16:58:31 - [32minfo[39m: [BrowserstackCLI] stop: CLI is not running, skipping stop
2025-07-14 16:58:31 - [32minfo[39m: [BrowserstackCLI] stop: CLI is not running, skipping stop
2025-07-14 16:58:31 - [32minfo[39m: [BrowserstackCLI] stop: CLI is not running, skipping stop
2025-07-14 16:59:07 - [32minfo[39m: Reading configs from C:\Users\ediaz\Documents\2025\everdriven\repositories\Playwright\browserstack.yml
2025-07-14 16:59:07 - [32minfo[39m: Log Directory has been set to C:\Users\ediaz\Documents\2025\everdriven\repositories\Playwright\log
2025-07-14 16:59:07 - [32minfo[39m: Running SDK with args C:\Program Files\nodejs\node.exe C:\Users\ediaz\Documents\2025\everdriven\repositories\Playwright\node_modules\browserstack-node-sdk\src\bin\runner.js playwright test
2025-07-14 16:59:07 - [32minfo[39m: SDK run started with id: c3acebcd-e0c6-49b4-b072-de3210e81bf1
2025-07-14 16:59:07 - [32minfo[39m: Project and debug logs are captured by default. To disable, set disableAutoCaptureLogs: true in config.
2025-07-14 16:59:14 - [32minfo[39m: Local binary started successfully
2025-07-14 16:59:07 - [32minfo[39m: Log Directory has been set to C:\Users\ediaz\Documents\2025\everdriven\repositories\Playwright\log
2025-07-14 16:59:07 - [32minfo[39m: Running SDK with args C:\Program Files\nodejs\node.exe C:\Users\ediaz\Documents\2025\everdriven\repositories\Playwright\node_modules\browserstack-node-sdk\src\bin\runner.js playwright test
2025-07-14 16:59:07 - [32minfo[39m: SDK run started with id: c3acebcd-e0c6-49b4-b072-de3210e81bf1
2025-07-14 16:59:07 - [32minfo[39m: Project and debug logs are captured by default. To disable, set disableAutoCaptureLogs: true in config.
2025-07-14 16:59:14 - [32minfo[39m: Local binary started successfully
2025-07-14 16:59:16 - [32minfo[39m: [BrowserstackCLI] startMain: Starting main process
2025-07-14 16:59:16 - [32minfo[39m: [BrowserstackCLI] startMain: Starting main process
2025-07-14 16:59:16 - [32minfo[39m: [CLIUtils] Current CLI Path Found: C:\Users\ediaz\.browserstack\cli\binary-win-x64.exe
2025-07-14 16:59:16 - [32minfo[39m: [CLIUtils] Current CLI Path Found: C:\Users\ediaz\.browserstack\cli\binary-win-x64.exe
2025-07-14 16:59:16 - [32minfo[39m: [BrowserstackCLI] spawning command='C:\Users\ediaz\.browserstack\cli\binary-win-x64.exe,sdk'
2025-07-14 16:59:16 - [32minfo[39m: [BrowserstackCLI] spawning command='C:\Users\ediaz\.browserstack\cli\binary-win-x64.exe,sdk'
2025-07-14 16:59:17 - [32minfo[39m: [BrowserstackCLI] CLI params loaded: {"id":"96d28c79-b1f0-4a2a-b689-a5ba16482a54","listen":"127.0.0.1:5400","port":"5400"}
2025-07-14 16:59:17 - [32minfo[39m: [BrowserstackCLI] CLI params loaded: {"id":"96d28c79-b1f0-4a2a-b689-a5ba16482a54","listen":"127.0.0.1:5400","port":"5400"}
2025-07-14 16:59:17 - [32minfo[39m: [GrpcClient] Connected to gRPC server at 127.0.0.1:5400
2025-07-14 16:59:17 - [32minfo[39m: [GrpcClient] Initialized gRPC client with bin session id: 96d28c79-b1f0-4a2a-b689-a5ba16482a54 and listen address: 127.0.0.1:5400
2025-07-14 16:59:17 - [32minfo[39m: [GrpcClient] startBinSession: Calling startBinSession
2025-07-14 16:59:17 - [32minfo[39m: [GrpcClient] Connected to gRPC server at 127.0.0.1:5400
2025-07-14 16:59:17 - [32minfo[39m: [GrpcClient] Initialized gRPC client with bin session id: 96d28c79-b1f0-4a2a-b689-a5ba16482a54 and listen address: 127.0.0.1:5400
2025-07-14 16:59:17 - [32minfo[39m: [GrpcClient] startBinSession: Calling startBinSession
2025-07-14 16:59:21 - [32minfo[39m: [GrpcClient] StartBinSession successful
2025-07-14 16:59:21 - [32minfo[39m: [GrpcClient] StartBinSession successful
2025-07-14 16:59:21 - [32minfo[39m: [BrowserstackCLI] loadModules: Loading modules
2025-07-14 16:59:21 - [32minfo[39m: [BrowserstackCLI] loadModules: binSessionId=96d28c79-b1f0-4a2a-b689-a5ba16482a54
2025-07-14 16:59:21 - [32minfo[39m: [BrowserstackCLI] loading Modules.
2025-07-14 16:59:21 - [32minfo[39m: [BrowserstackCLI] setCliArgs: cliArgs=["playwright","test"]
2025-07-14 16:59:21 - [32minfo[39m: [BrowserstackCLI] loadModules: Loading modules
2025-07-14 16:59:21 - [32minfo[39m: [BrowserstackCLI] loadModules: binSessionId=96d28c79-b1f0-4a2a-b689-a5ba16482a54
2025-07-14 16:59:21 - [32minfo[39m: [BrowserstackCLI] loading Modules.
2025-07-14 16:59:21 - [32minfo[39m: [BrowserstackCLI] setCliArgs: cliArgs=["playwright","test"]
2025-07-14 16:59:25 - [32minfo[39m: [BrowserstackCLI] Starting as child process with session ID: 96d28c79-b1f0-4a2a-b689-a5ba16482a54
2025-07-14 16:59:25 - [32minfo[39m: [GrpcClient] Connected to gRPC server at 127.0.0.1:5400
2025-07-14 16:59:25 - [32minfo[39m: [GrpcClient] Connecting bin session
2025-07-14 16:59:26 - [32minfo[39m: [GrpcClient] ConnectBinSession successful
2025-07-14 16:59:26 - [32minfo[39m: [BrowserstackCLI] loadModules: Loading modules
2025-07-14 16:59:26 - [32minfo[39m: [BrowserstackCLI] loadModules: binSessionId=96d28c79-b1f0-4a2a-b689-a5ba16482a54
2025-07-14 16:59:26 - [32minfo[39m: [BrowserstackCLI] loading Modules.
2025-07-14 16:59:26 - [32minfo[39m: [GrpcClient] Getting Playwright config
2025-07-14 16:59:26 - [32minfo[39m: [GrpcClient] PlaywrightConfig request successful
2025-07-14 16:59:26 - [32minfo[39m: Setting up TestInfo directory at C:\Users\ediaz\Documents\2025\everdriven\repositories\Playwright\log\.obs_test_details-undefined
2025-07-14 16:59:26 - [32minfo[39m: [PlaywrightTestFramework] trackPlaywrightInstance: created instance for target=17068:0, state=TestFrameworkState.INIT_TEST
2025-07-14 16:59:26 - [32minfo[39m: [PlaywrightTestFramework] trackPlaywrightInstance: saved instance contextId=8624bc3a42f7cf2c7e413267484edfa0a0eb466336a5d426435f0515d4f60d83 target=17068:0
2025-07-14 16:59:29 - [32minfo[39m: [BrowserstackCLI] Starting as child process with session ID: 96d28c79-b1f0-4a2a-b689-a5ba16482a54
2025-07-14 16:59:29 - [32minfo[39m: [GrpcClient] Connected to gRPC server at 127.0.0.1:5400
2025-07-14 16:59:29 - [32minfo[39m: [GrpcClient] Connecting bin session
2025-07-14 16:59:29 - [32minfo[39m: [GrpcClient] ConnectBinSession successful
2025-07-14 16:59:29 - [32minfo[39m: [BrowserstackCLI] loadModules: Loading modules
2025-07-14 16:59:29 - [32minfo[39m: [BrowserstackCLI] loadModules: binSessionId=96d28c79-b1f0-4a2a-b689-a5ba16482a54
2025-07-14 16:59:29 - [32minfo[39m: [BrowserstackCLI] loading Modules.
2025-07-14 16:59:29 - [32minfo[39m: [GrpcClient] Getting Playwright config
2025-07-14 16:59:29 - [32minfo[39m: [GrpcClient] PlaywrightConfig request successful
2025-07-14 16:59:29 - [32minfo[39m: [BrowserstackCLI] Starting as child process with session ID: 96d28c79-b1f0-4a2a-b689-a5ba16482a54
2025-07-14 16:59:29 - [32minfo[39m: [GrpcClient] Sending TestFrameworkEvent
2025-07-14 16:59:29 - [32minfo[39m: [GrpcClient] TestFrameworkEvent request successful
2025-07-14 16:59:29 - [32minfo[39m: [BrowserstackCLI] startChild: client and channel already exist, stopping here
2025-07-14 16:59:29 - [32minfo[39m: [PlaywrightAutomationFramework] trackPlaywrightInstance: created instance for target=18752:0, state=AutomationFrameworkState.CREATE
2025-07-14 16:59:29 - [32minfo[39m: [PlaywrightAutomationFramework] trackPlaywrightInstance: saved instance contextId=0fa30b8fd5d98a26262269ee75728c6a739a0c53eb6d6cce6dc7f2c672ba721c target=18752:0
2025-07-14 16:59:29 - [32minfo[39m: Processed accessibility caps false {"browserstack.user":"junior_XBsLjd","browserstack.key":"sTqhy8xzoGbjPvD5ZAXM","project":"BrowserStack Samples","build":"browserstack build","browserstack.buildIdentifier":"#6","browserstack.debug":true,"browserstack.networkLogs":false,"browserstack.console":"info","turboScaleOptions":{},"os":"Windows","os_version":11,"browserstack.hostName":"NBPE00263","browserstack.browserstackSDK":"Playwright-nodeagent/1.38.0","browserstack.buildProductMap":{"observability":true,"accessibility":false,"percy":false,"automate":true,"app_automate":false},"browserstack.use_w3c":false,"browser":"playwright-firefox","browser_version":"latest","browserstack.testhubBuildUuid":"sljnbuzadevwk9anhnuwv1f31ntzbn5jgij7lgny","browserstack.local":true,"browserstack.localIdentifier":"Jul_14_1659_NBPE00263_1fq3"} 
2025-07-14 16:59:38 - [32minfo[39m: [PlaywrightAutomationFramework] trackPlaywrightInstance: instance already exists
2025-07-14 16:59:38 - [32minfo[39m: [PlaywrightAutomationFramework] trackPlaywrightInstance: instance already exists
2025-07-14 16:59:38 - [32minfo[39m: [GrpcClient] Sending DriverInit
2025-07-14 16:59:38 - [32minfo[39m: [GrpcClient] DriverInit request successful
2025-07-14 16:59:39 - [32minfo[39m: [PlaywrightAutomationFramework] trackPlaywrightInstance: instance already exists
2025-07-14 16:59:41 - [32minfo[39m: [PlaywrightAutomationFramework] trackPlaywrightInstance: instance already exists
2025-07-14 16:59:41 - [32minfo[39m: [GrpcClient] Sending TestSessionEvent
2025-07-14 16:59:41 - [32minfo[39m: [GrpcClient] TestSessionEvent request successful
2025-07-14 16:59:41 - [32minfo[39m: [ObservabilityModule] onBeforeTest: Observability sync done
2025-07-14 16:59:58 - [32minfo[39m: [GrpcClient] Sending TestFrameworkEvent
2025-07-14 16:59:58 - [32minfo[39m: getting screenshots results.
2025-07-14 16:59:58 - [32minfo[39m: [GrpcClient] Sending LogCreatedEvent
2025-07-14 16:59:58 - [32minfo[39m: [GrpcClient] TestFrameworkEvent request successful
2025-07-14 16:59:58 - [32minfo[39m: [GrpcClient] LogCreatedEvent request successful
2025-07-14 16:59:59 - [32minfo[39m: [BrowserstackCLI] stop: CLI stop triggered
2025-07-14 16:59:59 - [32minfo[39m: [BrowserstackCLI] stop: CLI stop triggered
2025-07-14 16:59:59 - [32minfo[39m: [GrpcClient] Stopping bin session
2025-07-14 16:59:59 - [32minfo[39m: [GrpcClient] Stopping bin session
2025-07-14 17:00:00 - [31merror[39m: [BrowserstackCLI] CLI stderr: Exiting with code 1 due to uncaught exception Error: spawn wmic.exe ENOENT
    at ChildProcess._handle.onexit (node:internal/child_process:284:19)
    at onErrorNT (node:internal/child_process:477:16)
    at process.processTicksAndRejections (node:internal/process/task_queues:82:21) {
  errno: -4058,
  code: 'ENOENT',
  syscall: 'spawn wmic.exe',
  path: 'wmic.exe',
  spawnargs: [ 'PROCESS', 'GET', 'Name,ProcessId,ParentProcessId,Status' ]
}
2025-07-14 17:00:00 - [31merror[39m: [BrowserstackCLI] CLI stderr: Exiting with code 1 due to uncaught exception Error: spawn wmic.exe ENOENT
    at ChildProcess._handle.onexit (node:internal/child_process:284:19)
    at onErrorNT (node:internal/child_process:477:16)
    at process.processTicksAndRejections (node:internal/process/task_queues:82:21) {
  errno: -4058,
  code: 'ENOENT',
  syscall: 'spawn wmic.exe',
  path: 'wmic.exe',
  spawnargs: [ 'PROCESS', 'GET', 'Name,ProcessId,ParentProcessId,Status' ]
}
